[运行日志] run_id=20260626_095149
[运行日志] 日志文件: D:\BigACode\BugASelect\BigASelect\output\logs\run_20260626_095149.log
==================================================
BigASelect - A股股票筛选程序
==================================================
运行模式: 正式模式（全市场）
行情模式: last_close
交易日: 20260127
目标股票池数量: 1000
筛选规则已启用: True

[1/3] 获取 A 股股票列表...
      共获取 5529 只股票
      耗时 0.3s
[1/3] 轻量指标 enrichment（风险标识 + 流动性字段）...
      获取最新收盘行情（数据截止 20260127，筛选步骤 1-2）...
        腾讯批量行情 5529/5529 只
      耗时 2.2s
[1/3] 筛选步骤 1-2（风险剔除 + 流动性）...
      步骤1 风险剔除: 5529 → 5300
      步骤2 流动性过滤: 5300 → 5300
      耗时 0.0s
      步骤 1-2 后剩余 5300 只股票
      预拉资金流（统一数据源: 同花顺）...
        [警告] 同花顺个股3日排行 获取失败: No tables found
        [警告] 同花顺个股5日排行 获取失败: No tables found
        [警告] 同花顺个股即时 获取失败: Length mismatch: Expected axis has 13 elements, new values have 10 elements
        [警告] 同花顺行业5日排行 获取失败: No tables found
        [警告] 同花顺行业10日排行 获取失败: No tables found
      资金流预拉耗时 11.1s
[1/3] 技术 enrichment（日K + 技术指标 + 同花顺资金流）...
      构建行业映射...
      计算技术指标与资金流（共 5300 只）...
        技术 enrichment 进度 265/5300
        技术 enrichment 进度 530/5300
        技术 enrichment 进度 795/5300
        技术 enrichment 进度 1060/5300
        技术 enrichment 进度 1325/5300
        技术 enrichment 进度 1590/5300
        技术 enrichment 进度 1855/5300
        技术 enrichment 进度 2120/5300
        技术 enrichment 进度 2385/5300
        技术 enrichment 进度 2650/5300
        技术 enrichment 进度 2915/5300
        技术 enrichment 进度 3180/5300
        技术 enrichment 进度 3445/5300
        技术 enrichment 进度 3710/5300
        技术 enrichment 进度 3975/5300
        技术 enrichment 进度 4240/5300
        技术 enrichment 进度 4505/5300
        技术 enrichment 进度 4770/5300
        技术 enrichment 进度 5035/5300
        技术 enrichment 进度 5300/5300
      耗时 570.5s
[1/3] 筛选步骤 3-4（趋势 + 资金持续性）...
      步骤3 趋势结构过滤: 5300 → 2704
      步骤4 资金持续性过滤: 已禁用，保留 2704 只
      耗时 0.0s
      步骤 3-4 后剩余 2704 只股票
[1/3] 财务 enrichment（估值 + 财务，仅幸存者）...
      计算估值与财务（共 2704 只）...
        财务 enrichment 进度 135/2704
        财务 enrichment 进度 270/2704
        财务 enrichment 进度 405/2704
        财务 enrichment 进度 540/2704
        财务 enrichment 进度 675/2704
        财务 enrichment 进度 810/2704
        财务 enrichment 进度 945/2704
        财务 enrichment 进度 1080/2704
        财务 enrichment 进度 1215/2704
        财务 enrichment 进度 1350/2704
        财务 enrichment 进度 1485/2704
        财务 enrichment 进度 1620/2704
        财务 enrichment 进度 1755/2704
        财务 enrichment 进度 1890/2704
        财务 enrichment 进度 2025/2704
        财务 enrichment 进度 2160/2704
        财务 enrichment 进度 2295/2704
        财务 enrichment 进度 2430/2704
        财务 enrichment 进度 2565/2704
        财务 enrichment 进度 2700/2704
        财务 enrichment 进度 2704/2704
      耗时 205.8s
[1/3] 筛选步骤 5（估值财务）...
      步骤5 估值财务过滤: 2704 → 1770
      步骤6 市场环境: 不参与筛选（流程末尾输出告警）
      耗时 0.0s
      最终股票池 1000 只股票
[1/3] 附加北向个股 northbound_flow（与行业强度并行）...
      计算行业指数指标与领涨股20日收益（共 90 个行业，并发 8）...
        [警告] 领涨股三孚新科 获取失败: index 0 is out of bounds for axis 0 with size 0        [警告] 领涨股五矿发展 获取失败: index 0 is out of bounds for axis 0 with size 0

        [警告] 领涨股三孚新科 获取失败: index 0 is out of bounds for axis 0 with size 0
        [警告] 领涨股五矿发展 获取失败: index 0 is out of bounds for axis 0 with size 0
        [警告] 领涨股惠科股份 获取失败: 未找到领涨股 惠科股份
        [警告] 领涨股皖通高速 获取失败: index 0 is out of bounds for axis 0 with size 0
        [警告] 领涨股皖通高速 获取失败: index 0 is out of bounds for axis 0 with size 0
        [警告] 领涨股中信建投 获取失败: index 0 is out of bounds for axis 0 with size 0
        [警告] 领涨股酒鬼酒 获取失败: index 0 is out of bounds for axis 0 with size 0
        [警告] 领涨股中信建投 获取失败: index 0 is out of bounds for axis 0 with size 0
        [警告] 领涨股征和工业 获取失败: index 0 is out of bounds for axis 0 with size 0
        [警告] 领涨股酒鬼酒 获取失败: index 0 is out of bounds for axis 0 with size 0
        [警告] 领涨股世华科技 获取失败: index 0 is out of bounds for axis 0 with size 0
        [警告] 领涨股征和工业 获取失败: index 0 is out of bounds for axis 0 with size 0
        [警告] 领涨股世华科技 获取失败: index 0 is out of bounds for axis 0 with size 0
        [警告] 领涨股正帆科技 获取失败: index 0 is out of bounds for axis 0 with size 0
        [警告] 领涨股新集能源 获取失败: index 0 is out of bounds for axis 0 with size 0        [警告] 领涨股创元科技 获取失败: index 0 is out of bounds for axis 0 with size 0

        [警告] 领涨股正帆科技 获取失败: index 0 is out of bounds for axis 0 with size 0
        [警告] 领涨股彤程新材 获取失败: index 0 is out of bounds for axis 0 with size 0
        [警告] 领涨股新集能源 获取失败: index 0 is out of bounds for axis 0 with size 0        [警告] 领涨股创元科技 获取失败: index 0 is out of bounds for axis 0 with size 0

        [警告] 领涨股彤程新材 获取失败: index 0 is out of bounds for axis 0 with size 0
        [警告] 领涨股惠科股份 获取失败: 未找到领涨股 惠科股份
        [警告] 领涨股深圳机场 获取失败: index 0 is out of bounds for axis 0 with size 0
        [警告] 领涨股*ST准油 获取失败: index 0 is out of bounds for axis 0 with size 0
        [警告] 领涨股深圳机场 获取失败: index 0 is out of bounds for axis 0 with size 0
        [警告] 领涨股联检科技 获取失败: index 0 is out of bounds for axis 0 with size 0
        [警告] 领涨股国投中鲁 获取失败: index 0 is out of bounds for axis 0 with size 0
        [警告] 领涨股*ST准油 获取失败: index 0 is out of bounds for axis 0 with size 0
        [警告] 领涨股联检科技 获取失败: index 0 is out of bounds for axis 0 with size 0        [警告] 领涨股国投中鲁 获取失败: index 0 is out of bounds for axis 0 with size 0        [警告] 领涨股科威尔 获取失败: index 0 is out of bounds for axis 0 with size 0


        [警告] 领涨股海立股份 获取失败: 未找到领涨股 海立股份
        [警告] 领涨股众合科技 获取失败: index 0 is out of bounds for axis 0 with size 0
        [警告] 领涨股科威尔 获取失败: index 0 is out of bounds for axis 0 with size 0
        [警告] 领涨股众合科技 获取失败: index 0 is out of bounds for axis 0 with size 0
        [警告] 领涨股新莱应材 获取失败: 未找到领涨股 新莱应材
        [警告] 领涨股恒力石化 获取失败: index 0 is out of bounds for axis 0 with size 0
        [警告] 领涨股株冶集团 获取失败: 未找到领涨股 株冶集团
        [警告] 领涨股恒力石化 获取失败: index 0 is out of bounds for axis 0 with size 0
        [警告] 领涨股瑞丰高材 获取失败: index 0 is out of bounds for axis 0 with size 0
        [警告] 领涨股天马科技 获取失败: 未找到领涨股 天马科技
        [警告] 领涨股海立股份 获取失败: 未找到领涨股 海立股份
        [警告] 领涨股瑞丰高材 获取失败: index 0 is out of bounds for axis 0 with size 0
        [警告] 领涨股新莱应材 获取失败: 未找到领涨股 新莱应材
        [警告] 领涨股大禹节水 获取失败: index 0 is out of bounds for axis 0 with size 0
        [警告] 领涨股海通发展 获取失败: index 0 is out of bounds for axis 0 with size 0        [警告] 领涨股宁波中百 获取失败: index 0 is out of bounds for axis 0 with size 0
        [警告] 领涨股大禹节水 获取失败: index 0 is out of bounds for axis 0 with size 0

        [警告] 领涨股株冶集团 获取失败: 未找到领涨股 株冶集团
        [警告] 领涨股海通发展 获取失败: index 0 is out of bounds for axis 0 with size 0        [警告] 领涨股宁波中百 获取失败: index 0 is out of bounds for axis 0 with size 0

        [警告] 领涨股天马科技 获取失败: 未找到领涨股 天马科技
        [警告] 领涨股富吉瑞 获取失败: index 0 is out of bounds for axis 0 with size 0
        [警告] 领涨股康惠股份 获取失败: index 0 is out of bounds for axis 0 with size 0
        [警告] 领涨股富吉瑞 获取失败: index 0 is out of bounds for axis 0 with size 0
        [警告] 领涨股立航科技 获取失败: index 0 is out of bounds for axis 0 with size 0
        [警告] 领涨股康惠股份 获取失败: index 0 is out of bounds for axis 0 with size 0
        [警告] 领涨股中国人保 获取失败: index 0 is out of bounds for axis 0 with size 0
        [警告] 领涨股宇通客车 获取失败: index 0 is out of bounds for axis 0 with size 0
        [警告] 领涨股大连圣亚 获取失败: index 0 is out of bounds for axis 0 with size 0        [警告] 领涨股中国人保 获取失败: index 0 is out of bounds for axis 0 with size 0        [警告] 领涨股宇通客车 获取失败: index 0 is out of bounds for axis 0 with size 0
        [警告] 领涨股立航科技 获取失败: index 0 is out of bounds for axis 0 with size 0
        [警告] 领涨股技源集团 获取失败: index 0 is out of bounds for axis 0 with size 0


        [警告] 领涨股大连圣亚 获取失败: index 0 is out of bounds for axis 0 with size 0
        [警告] 领涨股平安电工 获取失败: index 0 is out of bounds for axis 0 with size 0
        [警告] 领涨股皖天然气 获取失败: index 0 is out of bounds for axis 0 with size 0        [警告] 领涨股技源集团 获取失败: index 0 is out of bounds for axis 0 with size 0

        [警告] 领涨股深圳新星 获取失败: index 0 is out of bounds for axis 0 with size 0
        [警告] 领涨股返利科技 获取失败: index 0 is out of bounds for axis 0 with size 0        [警告] 领涨股平安电工 获取失败: index 0 is out of bounds for axis 0 with size 0        [警告] 领涨股皖天然气 获取失败: index 0 is out of bounds for axis 0 with size 0        [警告] 领涨股深圳新星 获取失败: index 0 is out of bounds for axis 0 with size 0



        [警告] 领涨股返利科技 获取失败: index 0 is out of bounds for axis 0 with size 0
        [警告] 领涨股华阳智能 获取失败: index 0 is out of bounds for axis 0 with size 0
        [警告] 领涨股华阳智能 获取失败: index 0 is out of bounds for axis 0 with size 0
        [警告] 领涨股软通动力 获取失败: index 0 is out of bounds for axis 0 with size 0
        [警告] 领涨股软通动力 获取失败: index 0 is out of bounds for axis 0 with size 0
        [警告] 领涨股博迁新材 获取失败: ('Connection aborted.', RemoteDisconnected('Remote end closed connection without response'))
        [警告] 领涨股信德新材 获取失败: ('Connection aborted.', RemoteDisconnected('Remote end closed connection without response'))
        [警告] 领涨股祥鑫科技 获取失败: ('Connection aborted.', RemoteDisconnected('Remote end closed connection without response'))
        [警告] 领涨股泽璟制药 获取失败: ('Connection aborted.', RemoteDisconnected('Remote end closed connection without response'))
        [警告] 领涨股川大智胜 获取失败: ('Connection aborted.', RemoteDisconnected('Remote end closed connection without response'))
        [警告] 领涨股澄天伟业 获取失败: ('Connection aborted.', RemoteDisconnected('Remote end closed connection without response'))
        [警告] 领涨股南凌科技 获取失败: ('Connection aborted.', RemoteDisconnected('Remote end closed connection without response'))
        [警告] 领涨股奥飞娱乐 获取失败: ('Connection aborted.', RemoteDisconnected('Remote end closed connection without response'))
        [警告] 领涨股博迁新材 获取失败: ('Connection aborted.', RemoteDisconnected('Remote end closed connection without response'))
        [警告] 领涨股宝通科技 获取失败: index 0 is out of bounds for axis 0 with size 0
        [警告] 领涨股宝通科技 获取失败: index 0 is out of bounds for axis 0 with size 0
        [警告] 领涨股奥飞娱乐 获取失败: 未找到领涨股 奥飞娱乐
        [警告] 领涨股泽璟制药 获取失败: 未找到领涨股 泽璟制药
      北向个股 northbound_flow: 成功 802，跳过 198 （非沪股通或暂无数据）
      北向+行业并行耗时 105.0s

[2/3] 市场环境指标已输出: D:\BigACode\BugASelect\BigASelect\output\market_context_20260127.csv

[3/3] 行业强度已输出: D:\BigACode\BugASelect\BigASelect\output\sector_strength_20260127.csv（共 90 个行业）

[1/3] 多因子打分（Value/Growth/Capital/Sector）...
      市场档位: neutral，总分区间 [24.03, 59.31]，耗时 0.2s
      已输出: D:\BigACode\BugASelect\BigASelect\output\stock_pool_20260127.csv
      股票池 1000 只（批跑精简日志）


      [市场环境] 市场环境正常：market_risk_index=40.00，index_ma60_position=4.0505
==================================================
完成！总耗时 895.3s，请检查 output/ 目录。
==================================================
