[运行日志] run_id=20260623_091736
[运行日志] 日志文件: D:\ProjDemo\BigASelect\output\logs\run_20260623_091736.log
==================================================
BigASelect - A股股票筛选程序
==================================================
运行模式: 正式模式（全市场）
行情模式: last_close
交易日: 20260324
目标股票池数量: 1000
筛选规则已启用: True

[1/3] 获取 A 股股票列表...
      共获取 5528 只股票
      耗时 12.3s
[1/3] 轻量指标 enrichment（风险标识 + 流动性字段）...
      获取最新收盘行情（数据截止 20260324，筛选步骤 1-2）...
        腾讯批量行情 5528/5528 只
      耗时 2.4s
[1/3] 筛选步骤 1-2（风险剔除 + 流动性）...
      步骤1 风险剔除: 5528 → 5299
      步骤2 流动性过滤: 5299 → 5299
      耗时 0.0s
      步骤 1-2 后剩余 5299 只股票
      预拉资金流（统一数据源: 同花顺）...
      资金流预拉耗时 22.3s
[1/3] 技术 enrichment（日K + 技术指标 + 同花顺资金流）...
      构建行业映射...
      计算技术指标与资金流（共 5299 只）...
        技术 enrichment 进度 264/5299
        技术 enrichment 进度 528/5299
        技术 enrichment 进度 792/5299
        技术 enrichment 进度 1056/5299
        技术 enrichment 进度 1320/5299
        技术 enrichment 进度 1584/5299
        技术 enrichment 进度 1848/5299
        技术 enrichment 进度 2112/5299
        技术 enrichment 进度 2376/5299
        技术 enrichment 进度 2640/5299
        技术 enrichment 进度 2904/5299
        技术 enrichment 进度 3168/5299
        技术 enrichment 进度 3432/5299
        技术 enrichment 进度 3696/5299
        技术 enrichment 进度 3960/5299
        技术 enrichment 进度 4224/5299
        技术 enrichment 进度 4488/5299
        技术 enrichment 进度 4752/5299
        技术 enrichment 进度 5016/5299
        技术 enrichment 进度 5280/5299
        技术 enrichment 进度 5299/5299
      耗时 1075.1s
[1/3] 筛选步骤 3-4（趋势 + 资金持续性）...
      步骤3 趋势结构过滤: 5299 → 3216
      步骤4 资金持续性过滤: 已禁用，保留 3216 只
      耗时 0.0s
      步骤 3-4 后剩余 3216 只股票
[1/3] 财务 enrichment（估值 + 财务，仅幸存者）...
      计算估值与财务（共 3216 只）...
        财务 enrichment 进度 160/3216
        财务 enrichment 进度 320/3216
        财务 enrichment 进度 480/3216
        财务 enrichment 进度 640/3216
        财务 enrichment 进度 800/3216
        财务 enrichment 进度 960/3216
        财务 enrichment 进度 1120/3216
        财务 enrichment 进度 1280/3216
        财务 enrichment 进度 1440/3216
        财务 enrichment 进度 1600/3216
        财务 enrichment 进度 1760/3216
        财务 enrichment 进度 1920/3216
        财务 enrichment 进度 2080/3216
        财务 enrichment 进度 2240/3216
        财务 enrichment 进度 2400/3216
        财务 enrichment 进度 2560/3216
        财务 enrichment 进度 2720/3216
        财务 enrichment 进度 2880/3216
        财务 enrichment 进度 3040/3216
        财务 enrichment 进度 3200/3216
        财务 enrichment 进度 3216/3216
      耗时 990.1s
[1/3] 筛选步骤 5-6（估值财务 + 市场环境）...
      步骤5 估值财务过滤: 3216 → 2031
        市场未满足入池条件: market_risk_index=73.00 (须<70), index_ma60_position=-4.7111 (须>=0)
      步骤6 市场环境过滤: 2031 → 0
      耗时 0.0s
      最终股票池 0 只股票
[3/3] 获取行业强度数据...
      计算行业指数指标与领涨股20日收益（共 90 个行业，并发 8）...
        [警告] 领涨股德众汽车 获取失败: index 0 is out of bounds for axis 0 with size 0
        [警告] 领涨股大唐药业 获取失败: index 0 is out of bounds for axis 0 with size 0
        [警告] 领涨股骑士乳业 获取失败: index 0 is out of bounds for axis 0 with size 0
        [警告] 领涨股三维装备 获取失败: index 0 is out of bounds for axis 0 with size 0
        [警告] 领涨股德众汽车 获取失败: index 0 is out of bounds for axis 0 with size 0
        [警告] 领涨股大唐药业 获取失败: index 0 is out of bounds for axis 0 with size 0
        [警告] 领涨股三维装备 获取失败: index 0 is out of bounds for axis 0 with size 0        [警告] 领涨股骑士乳业 获取失败: index 0 is out of bounds for axis 0 with size 0

        [警告] 领涨股天津港 获取失败: index 0 is out of bounds for axis 0 with size 0
        [警告] 领涨股*ST新潮 获取失败: index 0 is out of bounds for axis 0 with size 0
        [警告] 领涨股天津港 获取失败: index 0 is out of bounds for axis 0 with size 0
        [警告] 领涨股*ST新潮 获取失败: index 0 is out of bounds for axis 0 with size 0
        [警告] 领涨股联迪信息 获取失败: index 0 is out of bounds for axis 0 with size 0
        [警告] 领涨股一致魔芋 获取失败: index 0 is out of bounds for axis 0 with size 0
        [警告] 领涨股联迪信息 获取失败: index 0 is out of bounds for axis 0 with size 0
        [警告] 领涨股一致魔芋 获取失败: index 0 is out of bounds for axis 0 with size 0
        [警告] 领涨股国义招标 获取失败: index 0 is out of bounds for axis 0 with size 0
        [警告] 领涨股国义招标 获取失败: index 0 is out of bounds for axis 0 with size 0
        [警告] 领涨股秉扬科技 获取失败: index 0 is out of bounds for axis 0 with size 0
        [警告] 领涨股秉扬科技 获取失败: index 0 is out of bounds for axis 0 with size 0
        [警告] 领涨股驱动力 获取失败: ('Connection aborted.', RemoteDisconnected('Remote end closed connection without response'))
        [警告] 领涨股雷特科技 获取失败: index 0 is out of bounds for axis 0 with size 0
        [警告] 领涨股驱动力 获取失败: 未找到领涨股 驱动力
        [警告] 领涨股雷特科技 获取失败: index 0 is out of bounds for axis 0 with size 0
        [警告] 领涨股格利尔 获取失败: 未找到领涨股 格利尔
        [警告] 领涨股格利尔 获取失败: 未找到领涨股 格利尔
      共计算 90 个行业，耗时 57.1s

[2/3] 市场环境指标已输出: D:\ProjDemo\BigASelect\output\market_context_20260324.csv

[3/3] 行业强度已输出: D:\ProjDemo\BigASelect\output\sector_strength_20260324.csv（共 90 个行业）

[1/3] 多因子打分（Value/Growth/Capital/Sector）...
      市场档位: None，总分区间 无（股票池为空或未打分），耗时 0.0s
      已输出: D:\ProjDemo\BigASelect\output\stock_pool_20260324.csv
      股票池 0 只（批跑精简日志）

==================================================
完成！总耗时 2159.5s，请检查 output/ 目录。
==================================================
