[运行日志] run_id=20260630_212949
[运行日志] 日志文件: D:\BigACode\BugASelect\BigASelect\output\logs\run_20260630_212949.log
==================================================
BigASelect - A股股票筛选程序
==================================================
运行模式: 正式模式（全市场）
行情模式: last_close
交易日: 20260306
目标股票池数量: 1000
筛选规则已启用: True

[1/3] 获取 A 股股票列表...
      共获取 5528 只股票
      耗时 37.2s
[1/3] 轻量指标 enrichment（风险标识 + 流动性字段）...
      获取最新收盘行情（数据截止 20260306，筛选步骤 1-2）...
        腾讯批量行情 5528/5528 只
      耗时 2.4s
[1/3] 筛选步骤 1-2（风险剔除 + 流动性）...
      步骤1 风险剔除: 5528 → 5304
      步骤2 流动性过滤: 5304 → 5304
      耗时 0.0s
      步骤 1-2 后剩余 5304 只股票
      预拉资金流（统一数据源: 同花顺）...
        [警告] 同花顺个股5日排行 获取失败: 'NoneType' object has no attribute 'text'
        [警告] 同花顺个股10日排行 获取失败: 'NoneType' object has no attribute 'text'
        [警告] 同花顺个股3日排行 获取失败: 'NoneType' object has no attribute 'text'        [警告] 同花顺个股即时 获取失败: 'NoneType' object has no attribute 'text'

        [警告] 同花顺行业即时 获取失败: No tables found
        [警告] 同花顺行业3日排行 获取失败: No tables found
        [警告] 同花顺行业5日排行 获取失败: No tables found
        [警告] 同花顺行业10日排行 获取失败: No tables found
      资金流预拉耗时 10.4s
[1/3] 技术 enrichment（日K + 技术指标 + 同花顺资金流）...
      构建行业映射...
      计算技术指标与资金流（共 5304 只）...
        技术 enrichment 进度 265/5304
        技术 enrichment 进度 530/5304
        技术 enrichment 进度 795/5304
        技术 enrichment 进度 1060/5304
        技术 enrichment 进度 1325/5304
        技术 enrichment 进度 1590/5304
        技术 enrichment 进度 1855/5304
        技术 enrichment 进度 2120/5304
        技术 enrichment 进度 2385/5304
        技术 enrichment 进度 2650/5304
        技术 enrichment 进度 2915/5304
        技术 enrichment 进度 3180/5304
        技术 enrichment 进度 3445/5304
        技术 enrichment 进度 3710/5304
        技术 enrichment 进度 3975/5304
        技术 enrichment 进度 4240/5304
        技术 enrichment 进度 4505/5304
        技术 enrichment 进度 4770/5304
        技术 enrichment 进度 5035/5304
