[运行日志] run_id=20260624_231044
[运行日志] 日志文件: D:\BigACode\BugASelect\BigASelect\output\logs\run_20260624_231044.log
==================================================
BigASelect - A股股票筛选程序
==================================================
运行模式: 正式模式（全市场）
行情模式: last_close
交易日: 20260624
目标股票池数量: 1000
筛选规则已启用: True

[1/3] 获取 A 股股票列表...
      共获取 5529 只股票
      耗时 0.3s
[1/3] 轻量指标 enrichment（风险标识 + 流动性字段）...
      获取最新收盘行情（数据截止 20260624，筛选步骤 1-2）...
        腾讯批量行情 5529/5529 只
      耗时 2.1s
[1/3] 筛选步骤 1-2（风险剔除 + 流动性）...
      步骤1 风险剔除: 5529 → 5292
      步骤2 流动性过滤: 5292 → 4832
      耗时 0.0s
      步骤 1-2 后剩余 4832 只股票
      预拉资金流（统一数据源: 同花顺）...
        [警告] 同花顺个股即时 获取失败: 'NoneType' object has no attribute 'text'
        [警告] 同花顺个股10日排行 获取失败: 'NoneType' object has no attribute 'text'
        [警告] 同花顺个股3日排行 获取失败: 'NoneType' object has no attribute 'text'
        [警告] 同花顺个股5日排行 获取失败: 'NoneType' object has no attribute 'text'
        [警告] 同花顺行业即时 获取失败: No tables found
        [警告] 同花顺行业3日排行 获取失败: No tables found
        [警告] 同花顺行业10日排行 获取失败: No tables found
        [警告] 同花顺行业5日排行 获取失败: No tables found
      资金流预拉耗时 10.4s
[1/3] 技术 enrichment（日K + 技术指标 + 同花顺资金流）...
      构建行业映射...
      计算技术指标与资金流（共 4832 只）...
        技术 enrichment 进度 241/4832
        技术 enrichment 进度 482/4832
        技术 enrichment 进度 723/4832
        技术 enrichment 进度 964/4832
        技术 enrichment 进度 1205/4832
        技术 enrichment 进度 1446/4832
        技术 enrichment 进度 1687/4832
        技术 enrichment 进度 1928/4832
        技术 enrichment 进度 2169/4832
        技术 enrichment 进度 2410/4832
        技术 enrichment 进度 2651/4832
        技术 enrichment 进度 2892/4832
        技术 enrichment 进度 3133/4832
        技术 enrichment 进度 3374/4832
        技术 enrichment 进度 3615/4832
        技术 enrichment 进度 3856/4832
        技术 enrichment 进度 4097/4832
        技术 enrichment 进度 4338/4832
        技术 enrichment 进度 4579/4832
        技术 enrichment 进度 4820/4832
        技术 enrichment 进度 4832/4832
      耗时 520.7s
[1/3] 筛选步骤 3-4（趋势 + 资金持续性）...
      步骤3 趋势结构过滤: 4832 → 1655
      步骤4 资金持续性过滤: 已禁用，保留 1655 只
      耗时 0.0s
      步骤 3-4 后剩余 1655 只股票
[1/3] 财务 enrichment（估值 + 财务，仅幸存者）...
      计算估值与财务（共 1655 只）...
        财务 enrichment 进度 82/1655
        财务 enrichment 进度 164/1655
        财务 enrichment 进度 246/1655
        财务 enrichment 进度 328/1655
        财务 enrichment 进度 410/1655
        财务 enrichment 进度 492/1655
        财务 enrichment 进度 574/1655
        财务 enrichment 进度 656/1655
        财务 enrichment 进度 738/1655
        财务 enrichment 进度 820/1655
        财务 enrichment 进度 902/1655
        财务 enrichment 进度 984/1655
        财务 enrichment 进度 1066/1655
        财务 enrichment 进度 1148/1655
        财务 enrichment 进度 1230/1655
        财务 enrichment 进度 1312/1655
        财务 enrichment 进度 1394/1655
        财务 enrichment 进度 1476/1655
        财务 enrichment 进度 1558/1655
        财务 enrichment 进度 1640/1655
        财务 enrichment 进度 1655/1655
      耗时 173.5s
[1/3] 筛选步骤 5（估值财务）...
      步骤5 估值财务过滤: 1655 → 988
      步骤6 市场环境: 不参与筛选（流程末尾输出告警）
      耗时 0.0s
      最终股票池 988 只股票
[1/3] 附加北向个股 northbound_flow（与行业强度并行）...
        [警告] 行业汇总 获取失败: 'NoneType' object has no attribute 'text'
      北向个股 northbound_flow: 成功 653，跳过 335 （非沪股通或暂无数据）
      北向+行业并行耗时 69.3s

[2/3] 市场环境指标已输出: D:\BigACode\BugASelect\BigASelect\output\market_context_20260624.csv

[3/3] 行业强度已输出: D:\BigACode\BugASelect\BigASelect\output\sector_strength_20260624.csv（共 0 个行业）

[1/3] 多因子打分（Value/Growth/Capital/Sector）...
      市场档位: neutral，总分区间 [4.91, 46.91]，耗时 0.1s
      已输出: D:\BigACode\BugASelect\BigASelect\output\stock_pool_20260624.csv
      股票池 988 只（批跑精简日志）


      [市场环境] 市场环境正常：market_risk_index=50.00，index_ma60_position=1.1011
==================================================
完成！总耗时 776.6s，请检查 output/ 目录。
==================================================
