[运行日志] run_id=20260626_093647
[运行日志] 日志文件: D:\BigACode\BugASelect\BigASelect\output\logs\run_20260626_093647.log
==================================================
BigASelect - A股股票筛选程序
==================================================
运行模式: 正式模式（全市场）
行情模式: last_close
交易日: 20260126
目标股票池数量: 1000
筛选规则已启用: True

[1/3] 获取 A 股股票列表...
      共获取 5529 只股票
      耗时 0.3s
[1/3] 轻量指标 enrichment（风险标识 + 流动性字段）...
      获取最新收盘行情（数据截止 20260126，筛选步骤 1-2）...
        腾讯批量行情 5529/5529 只
      耗时 2.2s
[1/3] 筛选步骤 1-2（风险剔除 + 流动性）...
      步骤1 风险剔除: 5529 → 5300
      步骤2 流动性过滤: 5300 → 5300
      耗时 0.0s
      步骤 1-2 后剩余 5300 只股票
      预拉资金流（统一数据源: 同花顺）...
      资金流预拉耗时 10.7s
[1/3] 技术 enrichment（日K + 技术指标 + 同花顺资金流）...
      构建行业映射...
      计算技术指标与资金流（共 5300 只）...
        技术 enrichment 进度 265/5300
        技术 enrichment 进度 530/5300
        技术 enrichment 进度 795/5300
        技术 enrichment 进度 1060/5300
        技术 enrichment 进度 1325/5300
        技术 enrichment 进度 1590/5300
        技术 enrichment 进度 1855/5300
        技术 enrichment 进度 2120/5300
        技术 enrichment 进度 2385/5300
        技术 enrichment 进度 2650/5300
        技术 enrichment 进度 2915/5300
        技术 enrichment 进度 3180/5300
        技术 enrichment 进度 3445/5300
        技术 enrichment 进度 3710/5300
        技术 enrichment 进度 3975/5300
        技术 enrichment 进度 4240/5300
        技术 enrichment 进度 4505/5300
        技术 enrichment 进度 4770/5300
        技术 enrichment 进度 5035/5300
        技术 enrichment 进度 5300/5300
      耗时 569.0s
[1/3] 筛选步骤 3-4（趋势 + 资金持续性）...
      步骤3 趋势结构过滤: 5300 → 2714
      步骤4 资金持续性过滤: 已禁用，保留 2714 只
      耗时 0.0s
      步骤 3-4 后剩余 2714 只股票
[1/3] 财务 enrichment（估值 + 财务，仅幸存者）...
      计算估值与财务（共 2714 只）...
        财务 enrichment 进度 135/2714
        财务 enrichment 进度 270/2714
        财务 enrichment 进度 405/2714
        财务 enrichment 进度 540/2714
        财务 enrichment 进度 675/2714
        财务 enrichment 进度 810/2714
        财务 enrichment 进度 945/2714
        财务 enrichment 进度 1080/2714
        财务 enrichment 进度 1215/2714
        财务 enrichment 进度 1350/2714
        财务 enrichment 进度 1485/2714
        财务 enrichment 进度 1620/2714
        财务 enrichment 进度 1755/2714
        财务 enrichment 进度 1890/2714
        财务 enrichment 进度 2025/2714
        财务 enrichment 进度 2160/2714
        财务 enrichment 进度 2295/2714
        财务 enrichment 进度 2430/2714
        财务 enrichment 进度 2565/2714
        财务 enrichment 进度 2700/2714
        财务 enrichment 进度 2714/2714
      耗时 208.3s
[1/3] 筛选步骤 5（估值财务）...
      步骤5 估值财务过滤: 2714 → 1777
      步骤6 市场环境: 不参与筛选（流程末尾输出告警）
      耗时 0.0s
      最终股票池 1000 只股票
[1/3] 附加北向个股 northbound_flow（与行业强度并行）...
      计算行业指数指标与领涨股20日收益（共 90 个行业，并发 8）...
        [警告] 领涨股三孚新科 获取失败: index 0 is out of bounds for axis 0 with size 0
        [警告] 领涨股三孚新科 获取失败: index 0 is out of bounds for axis 0 with size 0
        [警告] 领涨股凯瑞德 获取失败: index 0 is out of bounds for axis 0 with size 0
        [警告] 领涨股彤程新材 获取失败: index 0 is out of bounds for axis 0 with size 0
        [警告] 领涨股科华数据 获取失败: index 0 is out of bounds for axis 0 with size 0
        [警告] 领涨股凯瑞德 获取失败: index 0 is out of bounds for axis 0 with size 0
        [警告] 领涨股彤程新材 获取失败: index 0 is out of bounds for axis 0 with size 0
        [警告] 领涨股惠科股份 获取失败: 未找到领涨股 惠科股份
        [警告] 领涨股国力电子 获取失败: index 0 is out of bounds for axis 0 with size 0        [警告] 领涨股科华数据 获取失败: index 0 is out of bounds for axis 0 with size 0

        [警告] 领涨股正帆科技 获取失败: index 0 is out of bounds for axis 0 with size 0
        [警告] 领涨股绿通科技 获取失败: index 0 is out of bounds for axis 0 with size 0
        [警告] 领涨股株冶集团 获取失败: 未找到领涨股 株冶集团
        [警告] 领涨股国力电子 获取失败: index 0 is out of bounds for axis 0 with size 0
        [警告] 领涨股正帆科技 获取失败: index 0 is out of bounds for axis 0 with size 0
        [警告] 领涨股绿通科技 获取失败: index 0 is out of bounds for axis 0 with size 0
        [警告] 领涨股盛剑科技 获取失败: index 0 is out of bounds for axis 0 with size 0
        [警告] 领涨股山东高速 获取失败: index 0 is out of bounds for axis 0 with size 0
        [警告] 领涨股盛剑科技 获取失败: index 0 is out of bounds for axis 0 with size 0
        [警告] 领涨股惠科股份 获取失败: 未找到领涨股 惠科股份
        [警告] 领涨股株冶集团 获取失败: 未找到领涨股 株冶集团
        [警告] 领涨股山东高速 获取失败: index 0 is out of bounds for axis 0 with size 0
        [警告] 领涨股华电能源 获取失败: index 0 is out of bounds for axis 0 with size 0
        [警告] 领涨股华电能源 获取失败: index 0 is out of bounds for axis 0 with size 0
        [警告] 领涨股新莱应材 获取失败: 未找到领涨股 新莱应材
        [警告] 领涨股浙江鼎力 获取失败: 未找到领涨股 浙江鼎力
        [警告] 领涨股博迁新材 获取失败: 未找到领涨股 博迁新材
        [警告] 领涨股科力股份 获取失败: index 0 is out of bounds for axis 0 with size 0
        [警告] 领涨股科力股份 获取失败: index 0 is out of bounds for axis 0 with size 0
        [警告] 领涨股联检科技 获取失败: index 0 is out of bounds for axis 0 with size 0
        [警告] 领涨股深圳新星 获取失败: index 0 is out of bounds for axis 0 with size 0
        [警告] 领涨股联检科技 获取失败: index 0 is out of bounds for axis 0 with size 0
        [警告] 领涨股浙江鼎力 获取失败: 未找到领涨股 浙江鼎力
        [警告] 领涨股深圳新星 获取失败: index 0 is out of bounds for axis 0 with size 0
        [警告] 领涨股荣盛石化 获取失败: index 0 is out of bounds for axis 0 with size 0
        [警告] 领涨股沃顿科技 获取失败: index 0 is out of bounds for axis 0 with size 0
        [警告] 领涨股荣盛石化 获取失败: index 0 is out of bounds for axis 0 with size 0
        [警告] 领涨股沃顿科技 获取失败: index 0 is out of bounds for axis 0 with size 0
        [警告] 领涨股新莱应材 获取失败: ('Connection aborted.', RemoteDisconnected('Remote end closed connection without response'))
        [警告] 领涨股时代电气 获取失败: index 0 is out of bounds for axis 0 with size 0
        [警告] 领涨股时代电气 获取失败: index 0 is out of bounds for axis 0 with size 0
        [警告] 领涨股春光科技 获取失败: ('Connection aborted.', RemoteDisconnected('Remote end closed connection without response'))
        [警告] 领涨股博迁新材 获取失败: ('Connection aborted.', RemoteDisconnected('Remote end closed connection without response'))
        [警告] 领涨股中信建投 获取失败: index 0 is out of bounds for axis 0 with size 0
        [警告] 领涨股中信建投 获取失败: index 0 is out of bounds for axis 0 with size 0
        [警告] 领涨股合肥城建 获取失败: ('Connection aborted.', RemoteDisconnected('Remote end closed connection without response'))
        [警告] 领涨股宏柏新材 获取失败: ('Connection aborted.', RemoteDisconnected('Remote end closed connection without response'))
        [警告] 领涨股新安股份 获取失败: ('Connection aborted.', RemoteDisconnected('Remote end closed connection without response'))
        [警告] 领涨股九联科技 获取失败: ('Connection aborted.', RemoteDisconnected('Remote end closed connection without response'))
        [警告] 领涨股信濠光电 获取失败: ('Connection aborted.', RemoteDisconnected('Remote end closed connection without response'))
        [警告] 领涨股春光科技 获取失败: ('Connection aborted.', RemoteDisconnected('Remote end closed connection without response'))
        [警告] 领涨股金春股份 获取失败: ('Connection aborted.', RemoteDisconnected('Remote end closed connection without response'))
        [警告] 领涨股天马科技 获取失败: ('Connection aborted.', RemoteDisconnected('Remote end closed connection without response'))
        [警告] 领涨股酒鬼酒 获取失败: index 0 is out of bounds for axis 0 with size 0
        [警告] 领涨股酒鬼酒 获取失败: index 0 is out of bounds for axis 0 with size 0
        [警告] 领涨股众泰汽车 获取失败: index 0 is out of bounds for axis 0 with size 0
        [警告] 领涨股众泰汽车 获取失败: index 0 is out of bounds for axis 0 with size 0
        [警告] 领涨股海通发展 获取失败: index 0 is out of bounds for axis 0 with size 0
        [警告] 领涨股国投中鲁 获取失败: index 0 is out of bounds for axis 0 with size 0
        [警告] 领涨股海通发展 获取失败: index 0 is out of bounds for axis 0 with size 0
        [警告] 领涨股国投中鲁 获取失败: index 0 is out of bounds for axis 0 with size 0
        [警告] 领涨股华阳智能 获取失败: index 0 is out of bounds for axis 0 with size 0
        [警告] 领涨股平安电工 获取失败: index 0 is out of bounds for axis 0 with size 0
        [警告] 领涨股华阳智能 获取失败: index 0 is out of bounds for axis 0 with size 0
        [警告] 领涨股海南机场 获取失败: index 0 is out of bounds for axis 0 with size 0
        [警告] 领涨股北大荒 获取失败: index 0 is out of bounds for axis 0 with size 0
        [警告] 领涨股万憬能源 获取失败: index 0 is out of bounds for axis 0 with size 0        [警告] 领涨股平安电工 获取失败: index 0 is out of bounds for axis 0 with size 0

        [警告] 领涨股立航科技 获取失败: index 0 is out of bounds for axis 0 with size 0
        [警告] 领涨股海南机场 获取失败: index 0 is out of bounds for axis 0 with size 0
        [警告] 领涨股北大荒 获取失败: index 0 is out of bounds for axis 0 with size 0
        [警告] 领涨股天马科技 获取失败: 未找到领涨股 天马科技
        [警告] 领涨股万憬能源 获取失败: index 0 is out of bounds for axis 0 with size 0        [警告] 领涨股富吉瑞 获取失败: index 0 is out of bounds for axis 0 with size 0
        [警告] 领涨股返利科技 获取失败: index 0 is out of bounds for axis 0 with size 0        [警告] 领涨股康惠股份 获取失败: index 0 is out of bounds for axis 0 with size 0        [警告] 领涨股立航科技 获取失败: index 0 is out of bounds for axis 0 with size 0



        [警告] 领涨股中国人保 获取失败: index 0 is out of bounds for axis 0 with size 0        [警告] 领涨股康惠股份 获取失败: index 0 is out of bounds for axis 0 with size 0        [警告] 领涨股富吉瑞 获取失败: index 0 is out of bounds for axis 0 with size 0        [警告] 领涨股返利科技 获取失败: index 0 is out of bounds for axis 0 with size 0



        [警告] 领涨股中国人保 获取失败: index 0 is out of bounds for axis 0 with size 0
        [警告] 领涨股软通动力 获取失败: index 0 is out of bounds for axis 0 with size 0
        [警告] 领涨股天味食品 获取失败: index 0 is out of bounds for axis 0 with size 0
        [警告] 领涨股大连圣亚 获取失败: index 0 is out of bounds for axis 0 with size 0
        [警告] 领涨股天味食品 获取失败: index 0 is out of bounds for axis 0 with size 0        [警告] 领涨股软通动力 获取失败: index 0 is out of bounds for axis 0 with size 0        [警告] 领涨股大连圣亚 获取失败: index 0 is out of bounds for axis 0 with size 0


        [警告] 领涨股游族网络 获取失败: index 0 is out of bounds for axis 0 with size 0
        [警告] 领涨股游族网络 获取失败: index 0 is out of bounds for axis 0 with size 0
        [警告] 领涨股奥飞娱乐 获取失败: 未找到领涨股 奥飞娱乐
        [警告] 领涨股奥飞娱乐 获取失败: 未找到领涨股 奥飞娱乐
      北向个股 northbound_flow: 成功 810，跳过 190 （非沪股通或暂无数据）
      北向+行业并行耗时 109.7s

[2/3] 市场环境指标已输出: D:\BigACode\BugASelect\BigASelect\output\market_context_20260126.csv

[3/3] 行业强度已输出: D:\BigACode\BugASelect\BigASelect\output\sector_strength_20260126.csv（共 90 个行业）

[1/3] 多因子打分（Value/Growth/Capital/Sector）...
      市场档位: neutral，总分区间 [21.16, 67.05]，耗时 0.1s
      已输出: D:\BigACode\BugASelect\BigASelect\output\stock_pool_20260126.csv
      股票池 1000 只（批跑精简日志）


      [市场环境] 市场环境正常：market_risk_index=40.00，index_ma60_position=3.9477
==================================================
完成！总耗时 900.5s，请检查 output/ 目录。
==================================================
