[运行日志] run_id=20260701_092251
[运行日志] 日志文件: D:\BigACode\BugASelect\BigASelect\output\logs\run_20260701_092251.log
==================================================
BigASelect - A股股票筛选程序
==================================================
运行模式: 正式模式（全市场）
行情模式: last_close
交易日: 20260320
目标股票池数量: 1000
筛选规则已启用: True

[1/3] 获取 A 股股票列表...
      共获取 5528 只股票
      耗时 0.3s
[1/3] 轻量指标 enrichment（风险标识 + 流动性字段）...
      获取最新收盘行情（数据截止 20260320，筛选步骤 1-2）...
        腾讯批量行情 5528/5528 只
      耗时 4.2s
[1/3] 筛选步骤 1-2（风险剔除 + 流动性）...
      步骤1 风险剔除: 5528 → 5342
      步骤2 流动性过滤: 5342 → 5342
      耗时 0.0s
      步骤 1-2 后剩余 5342 只股票
      预拉资金流（统一数据源: 同花顺）...
        [警告] 同花顺个股即时 获取失败: 'NoneType' object has no attribute 'text'
        [警告] 同花顺个股3日排行 获取失败: 'NoneType' object has no attribute 'text'        [警告] 同花顺个股10日排行 获取失败: 'NoneType' object has no attribute 'text'

        [警告] 同花顺个股5日排行 获取失败: 'NoneType' object has no attribute 'text'
        [警告] 同花顺行业10日排行 获取失败: No tables found
        [警告] 同花顺行业5日排行 获取失败: No tables found
        [警告] 同花顺行业即时 获取失败: No tables found
        [警告] 同花顺行业3日排行 获取失败: No tables found
      资金流预拉耗时 10.7s
[1/3] 技术 enrichment（日K + 技术指标 + 同花顺资金流）...
      构建行业映射...
      计算技术指标与资金流（共 5342 只）...
        技术 enrichment 进度 267/5342
        技术 enrichment 进度 534/5342
        技术 enrichment 进度 801/5342
        技术 enrichment 进度 1068/5342
        技术 enrichment 进度 1335/5342
        技术 enrichment 进度 1602/5342
        技术 enrichment 进度 1869/5342
        技术 enrichment 进度 2136/5342
        技术 enrichment 进度 2403/5342
        技术 enrichment 进度 2670/5342
        技术 enrichment 进度 2937/5342
        技术 enrichment 进度 3204/5342
        技术 enrichment 进度 3471/5342
        技术 enrichment 进度 3738/5342
        技术 enrichment 进度 4005/5342
        技术 enrichment 进度 4272/5342
        技术 enrichment 进度 4539/5342
        技术 enrichment 进度 4806/5342
        技术 enrichment 进度 5073/5342
        技术 enrichment 进度 5340/5342
        技术 enrichment 进度 5342/5342
      耗时 568.8s
[1/3] 筛选步骤 3-4（趋势 + 资金持续性）...
      步骤3 趋势结构过滤: 5342 → 3222
      步骤4 资金持续性过滤: 已禁用，保留 3222 只
      耗时 0.0s
      步骤 3-4 后剩余 3222 只股票
[1/3] 财务 enrichment（估值 + 财务，仅幸存者）...
      计算估值与财务（共 3222 只）...
        财务 enrichment 进度 161/3222
        财务 enrichment 进度 322/3222
        财务 enrichment 进度 483/3222
        财务 enrichment 进度 644/3222
        财务 enrichment 进度 805/3222
        财务 enrichment 进度 966/3222
        财务 enrichment 进度 1127/3222
        财务 enrichment 进度 1288/3222
        财务 enrichment 进度 1449/3222
        财务 enrichment 进度 1610/3222
        财务 enrichment 进度 1771/3222
        财务 enrichment 进度 1932/3222
        财务 enrichment 进度 2093/3222
        财务 enrichment 进度 2254/3222
        财务 enrichment 进度 2415/3222
        财务 enrichment 进度 2576/3222
        财务 enrichment 进度 2737/3222
        财务 enrichment 进度 2898/3222
        财务 enrichment 进度 3059/3222
        财务 enrichment 进度 3220/3222
        财务 enrichment 进度 3222/3222
      耗时 227.1s
[1/3] 筛选步骤 5（估值财务）...
      步骤5 估值财务过滤: 3222 → 2147
      步骤6 市场环境: 不参与筛选（流程末尾输出告警）
      耗时 0.0s
      最终股票池 1000 只股票
[1/3] 附加北向个股 northbound_flow（与行业强度并行）...
      计算行业指数指标与领涨股20日收益（共 90 个行业，并发 8）...
        [警告] 领涨股振华科技 获取失败: index 0 is out of bounds for axis 0 with size 0
        [警告] 领涨股兆威机电 获取失败: index 0 is out of bounds for axis 0 with size 0
        [警告] 领涨股振华科技 获取失败: index 0 is out of bounds for axis 0 with size 0
        [警告] 领涨股兆威机电 获取失败: index 0 is out of bounds for axis 0 with size 0
        [警告] 领涨股中矿资源 获取失败: 未找到领涨股 中矿资源
        [警告] 领涨股兴业股份 获取失败: index 0 is out of bounds for axis 0 with size 0
        [警告] 领涨股金宏气体 获取失败: index 0 is out of bounds for axis 0 with size 0
        [警告] 领涨股*ST节能 获取失败: index 0 is out of bounds for axis 0 with size 0
        [警告] 领涨股科创信息 获取失败: index 0 is out of bounds for axis 0 with size 0        [警告] 领涨股兴业股份 获取失败: index 0 is out of bounds for axis 0 with size 0

        [警告] 领涨股金宏气体 获取失败: index 0 is out of bounds for axis 0 with size 0
        [警告] 领涨股立航科技 获取失败: index 0 is out of bounds for axis 0 with size 0
        [警告] 领涨股昆工科技 获取失败: 未找到领涨股 昆工科技
        [警告] 领涨股中矿资源 获取失败: 未找到领涨股 中矿资源
        [警告] 领涨股*ST节能 获取失败: index 0 is out of bounds for axis 0 with size 0
        [警告] 领涨股能科科技 获取失败: index 0 is out of bounds for axis 0 with size 0        [警告] 领涨股科创信息 获取失败: index 0 is out of bounds for axis 0 with size 0        [警告] 领涨股大众公用 获取失败: index 0 is out of bounds for axis 0 with size 0        [警告] 领涨股立航科技 获取失败: index 0 is out of bounds for axis 0 with size 0



        [警告] 领涨股能科科技 获取失败: index 0 is out of bounds for axis 0 with size 0        [警告] 领涨股大众公用 获取失败: index 0 is out of bounds for axis 0 with size 0

        [警告] 领涨股珠城科技 获取失败: 未找到领涨股 珠城科技
        [警告] 领涨股昆工科技 获取失败: 未找到领涨股 昆工科技
        [警告] 领涨股珠城科技 获取失败: 未找到领涨股 珠城科技
        [警告] 领涨股京泉华 获取失败: index 0 is out of bounds for axis 0 with size 0
        [警告] 领涨股ST朗进 获取失败: index 0 is out of bounds for axis 0 with size 0
        [警告] 领涨股京泉华 获取失败: index 0 is out of bounds for axis 0 with size 0        [警告] 领涨股中国汽研 获取失败: index 0 is out of bounds for axis 0 with size 0
        [警告] 领涨股ST朗进 获取失败: index 0 is out of bounds for axis 0 with size 0

        [警告] 领涨股浙江东日 获取失败: index 0 is out of bounds for axis 0 with size 0
        [警告] 领涨股*ST景谷 获取失败: index 0 is out of bounds for axis 0 with size 0
        [警告] 领涨股华安证券 获取失败: index 0 is out of bounds for axis 0 with size 0
        [警告] 领涨股征和工业 获取失败: index 0 is out of bounds for axis 0 with size 0
        [警告] 领涨股中国汽研 获取失败: index 0 is out of bounds for axis 0 with size 0        [警告] 领涨股浙江东日 获取失败: index 0 is out of bounds for axis 0 with size 0
        [警告] 领涨股华安证券 获取失败: index 0 is out of bounds for axis 0 with size 0        [警告] 领涨股江淮汽车 获取失败: index 0 is out of bounds for axis 0 with size 0
        [警告] 领涨股*ST景谷 获取失败: index 0 is out of bounds for axis 0 with size 0


        [警告] 领涨股怡亚通 获取失败: index 0 is out of bounds for axis 0 with size 0
        [警告] 领涨股征和工业 获取失败: index 0 is out of bounds for axis 0 with size 0
        [警告] 领涨股金字火腿 获取失败: index 0 is out of bounds for axis 0 with size 0
        [警告] 领涨股江淮汽车 获取失败: index 0 is out of bounds for axis 0 with size 0
        [警告] 领涨股中国人寿 获取失败: index 0 is out of bounds for axis 0 with size 0
        [警告] 领涨股怡亚通 获取失败: index 0 is out of bounds for axis 0 with size 0
        [警告] 领涨股鲁信创投 获取失败: 未找到领涨股 鲁信创投
        [警告] 领涨股祥源文旅 获取失败: index 0 is out of bounds for axis 0 with size 0
        [警告] 领涨股和顺石油 获取失败: index 0 is out of bounds for axis 0 with size 0        [警告] 领涨股口子窖 获取失败: index 0 is out of bounds for axis 0 with size 0        [警告] 领涨股中国人寿 获取失败: index 0 is out of bounds for axis 0 with size 0        [警告] 领涨股金字火腿 获取失败: index 0 is out of bounds for axis 0 with size 0



        [警告] 领涨股祥源文旅 获取失败: index 0 is out of bounds for axis 0 with size 0
        [警告] 领涨股和顺石油 获取失败: index 0 is out of bounds for axis 0 with size 0        [警告] 领涨股口子窖 获取失败: index 0 is out of bounds for axis 0 with size 0

        [警告] 领涨股安德利 获取失败: index 0 is out of bounds for axis 0 with size 0
        [警告] 领涨股阳谷华泰 获取失败: index 0 is out of bounds for axis 0 with size 0
        [警告] 领涨股鲁信创投 获取失败: 未找到领涨股 鲁信创投        [警告] 领涨股电广传媒 获取失败: index 0 is out of bounds for axis 0 with size 0

        [警告] 领涨股安德利 获取失败: index 0 is out of bounds for axis 0 with size 0
        [警告] 领涨股阳谷华泰 获取失败: index 0 is out of bounds for axis 0 with size 0
        [警告] 领涨股四川成渝 获取失败: index 0 is out of bounds for axis 0 with size 0
        [警告] 领涨股电广传媒 获取失败: index 0 is out of bounds for axis 0 with size 0
        [警告] 领涨股凤凰航运 获取失败: index 0 is out of bounds for axis 0 with size 0
        [警告] 领涨股ST洲际 获取失败: index 0 is out of bounds for axis 0 with size 0
        [警告] 领涨股四川成渝 获取失败: index 0 is out of bounds for axis 0 with size 0
        [警告] 领涨股ST洲际 获取失败: index 0 is out of bounds for axis 0 with size 0        [警告] 领涨股凤凰航运 获取失败: index 0 is out of bounds for axis 0 with size 0
        [警告] 领涨股平安电工 获取失败: index 0 is out of bounds for axis 0 with size 0

        [警告] 领涨股新集能源 获取失败: index 0 is out of bounds for axis 0 with size 0        [警告] 领涨股ST金花 获取失败: index 0 is out of bounds for axis 0 with size 0

        [警告] 领涨股平安电工 获取失败: index 0 is out of bounds for axis 0 with size 0
        [警告] 领涨股ST金花 获取失败: index 0 is out of bounds for axis 0 with size 0        [警告] 领涨股新集能源 获取失败: index 0 is out of bounds for axis 0 with size 0

        [警告] 领涨股上海机场 获取失败: index 0 is out of bounds for axis 0 with size 0
        [警告] 领涨股汽轮科技 获取失败: index 0 is out of bounds for axis 0 with size 0
        [警告] 领涨股*ST大晟 获取失败: index 0 is out of bounds for axis 0 with size 0
        [警告] 领涨股上海机场 获取失败: index 0 is out of bounds for axis 0 with size 0
        [警告] 领涨股*ST大晟 获取失败: index 0 is out of bounds for axis 0 with size 0        [警告] 领涨股汽轮科技 获取失败: index 0 is out of bounds for axis 0 with size 0

        [警告] 领涨股*ST威领 获取失败: 未找到领涨股 *ST威领
        [警告] 领涨股株冶集团 获取失败: 未找到领涨股 株冶集团
        [警告] 领涨股株冶集团 获取失败: 未找到领涨股 株冶集团
        [警告] 领涨股*ST威领 获取失败: 未找到领涨股 *ST威领
        [警告] 领涨股圣诺生物 获取失败: 未找到领涨股 圣诺生物
        [警告] 领涨股圣诺生物 获取失败: 未找到领涨股 圣诺生物
      北向个股 northbound_flow: 成功 820，跳过 180 （非沪股通或暂无数据）
      北向+行业并行耗时 113.1s

[2/3] 市场环境指标已输出: D:\BigACode\BugASelect\BigASelect\output\market_context_20260320.csv

[3/3] 行业强度已输出: D:\BigACode\BugASelect\BigASelect\output\sector_strength_20260320.csv（共 90 个行业）

[1/3] 多因子打分（Value/Growth/Capital/Sector）...
      市场档位: neutral，总分区间 [23.34, 53.46]，耗时 0.1s
      已输出: D:\BigACode\BugASelect\BigASelect\output\stock_pool_20260320.csv
      股票池 1000 只（批跑精简日志）


      [市场环境告警] 当前大盘环境偏离建议区间：index_ma60_position=-2.8715（建议>=0）
        （步骤6 已改为仅告警，不影响股票池数量）
==================================================
完成！总耗时 924.6s，请检查 output/ 目录。
==================================================
