[运行日志] run_id=20260623_191710
[运行日志] 日志文件: D:\BigACode\BugASelect\BigASelect\output\logs\run_20260623_191710.log
==================================================
BigASelect - A股股票筛选程序
==================================================
运行模式: 正式模式（全市场）
行情模式: last_close
交易日: 20260409
目标股票池数量: 1000
筛选规则已启用: True

[1/3] 获取 A 股股票列表...
      共获取 5528 只股票
      耗时 9.3s
[1/3] 轻量指标 enrichment（风险标识 + 流动性字段）...
      获取最新收盘行情（数据截止 20260409，筛选步骤 1-2）...
        腾讯批量行情 5528/5528 只
      耗时 2.8s
[1/3] 筛选步骤 1-2（风险剔除 + 流动性）...
      步骤1 风险剔除: 5528 → 5299
      步骤2 流动性过滤: 5299 → 5299
      耗时 0.0s
      步骤 1-2 后剩余 5299 只股票
      预拉资金流（统一数据源: 同花顺）...
      资金流预拉耗时 23.8s
[1/3] 技术 enrichment（日K + 技术指标 + 同花顺资金流）...
      构建行业映射...
      计算技术指标与资金流（共 5299 只）...
        技术 enrichment 进度 264/5299
        技术 enrichment 进度 528/5299
        技术 enrichment 进度 792/5299
        技术 enrichment 进度 1056/5299
        技术 enrichment 进度 1320/5299
        技术 enrichment 进度 1584/5299
        技术 enrichment 进度 1848/5299
        技术 enrichment 进度 2112/5299
        技术 enrichment 进度 2376/5299
        技术 enrichment 进度 2640/5299
        技术 enrichment 进度 2904/5299
        技术 enrichment 进度 3168/5299
        技术 enrichment 进度 3432/5299
        技术 enrichment 进度 3696/5299
        技术 enrichment 进度 3960/5299
        技术 enrichment 进度 4224/5299
        技术 enrichment 进度 4488/5299
        技术 enrichment 进度 4752/5299
        技术 enrichment 进度 5016/5299
        技术 enrichment 进度 5280/5299
        技术 enrichment 进度 5299/5299
      耗时 586.0s
[1/3] 筛选步骤 3-4（趋势 + 资金持续性）...
      步骤3 趋势结构过滤: 5299 → 3163
      步骤4 资金持续性过滤: 已禁用，保留 3163 只
      耗时 0.0s
      步骤 3-4 后剩余 3163 只股票
[1/3] 财务 enrichment（估值 + 财务，仅幸存者）...
      计算估值与财务（共 3163 只）...
        财务 enrichment 进度 158/3163
        财务 enrichment 进度 316/3163
        财务 enrichment 进度 474/3163
        财务 enrichment 进度 632/3163
        财务 enrichment 进度 790/3163
        财务 enrichment 进度 948/3163
        财务 enrichment 进度 1106/3163
        财务 enrichment 进度 1264/3163
        财务 enrichment 进度 1422/3163
        财务 enrichment 进度 1580/3163
        财务 enrichment 进度 1738/3163
        财务 enrichment 进度 1896/3163
        财务 enrichment 进度 2054/3163
        财务 enrichment 进度 2212/3163
        财务 enrichment 进度 2370/3163
        财务 enrichment 进度 2528/3163
        财务 enrichment 进度 2686/3163
        财务 enrichment 进度 2844/3163
        财务 enrichment 进度 3002/3163
        财务 enrichment 进度 3160/3163
        财务 enrichment 进度 3163/3163
      耗时 814.9s
[1/3] 筛选步骤 5（估值财务）...
      步骤5 估值财务过滤: 3163 → 1995
      步骤6 市场环境: 不参与筛选（流程末尾输出告警）
      耗时 0.0s
      最终股票池 1000 只股票
[1/3] 附加北向个股 northbound_flow（与行业强度并行）...
      计算行业指数指标与领涨股20日收益（共 90 个行业，并发 8）...
        [警告] 领涨股驱动力 获取失败: ('Connection aborted.', RemoteDisconnected('Remote end closed connection without response'))
        [警告] 领涨股佳先股份 获取失败: ('Connection aborted.', RemoteDisconnected('Remote end closed connection without response'))
        [警告] 领涨股新赣江 获取失败: ('Connection aborted.', RemoteDisconnected('Remote end closed connection without response'))
        [警告] 领涨股朗信电气 获取失败: ('Connection aborted.', RemoteDisconnected('Remote end closed connection without response'))
        [警告] 领涨股巨能股份 获取失败: ('Connection aborted.', RemoteDisconnected('Remote end closed connection without response'))
        [警告] 领涨股方盛股份 获取失败: ('Connection aborted.', RemoteDisconnected('Remote end closed connection without response'))
        [警告] 领涨股德众汽车 获取失败: ('Connection aborted.', RemoteDisconnected('Remote end closed connection without response'))
        [警告] 领涨股一致魔芋 获取失败: ('Connection aborted.', RemoteDisconnected('Remote end closed connection without response'))
        [警告] 领涨股驱动力 获取失败: ('Connection aborted.', RemoteDisconnected('Remote end closed connection without response'))
        [警告] 领涨股佳先股份 获取失败: ('Connection aborted.', RemoteDisconnected('Remote end closed connection without response'))
        [警告] 领涨股朗信电气 获取失败: ('Connection aborted.', RemoteDisconnected('Remote end closed connection without response'))
        [警告] 领涨股德众汽车 获取失败: ('Connection aborted.', RemoteDisconnected('Remote end closed connection without response'))
        [警告] 领涨股新赣江 获取失败: ('Connection aborted.', RemoteDisconnected('Remote end closed connection without response'))
        [警告] 领涨股方盛股份 获取失败: ('Connection aborted.', RemoteDisconnected('Remote end closed connection without response'))
        [警告] 领涨股巨能股份 获取失败: ('Connection aborted.', RemoteDisconnected('Remote end closed connection without response'))
        [警告] 领涨股一致魔芋 获取失败: ('Connection aborted.', RemoteDisconnected('Remote end closed connection without response'))
        [警告] 领涨股秉扬科技 获取失败: ('Connection aborted.', RemoteDisconnected('Remote end closed connection without response'))
        [警告] 领涨股国义招标 获取失败: ('Connection aborted.', RemoteDisconnected('Remote end closed connection without response'))
        [警告] 领涨股赛英电子 获取失败: ('Connection aborted.', RemoteDisconnected('Remote end closed connection without response'))
        [警告] 领涨股秉扬科技 获取失败: ('Connection aborted.', RemoteDisconnected('Remote end closed connection without response'))
        [警告] 领涨股国义招标 获取失败: ('Connection aborted.', RemoteDisconnected('Remote end closed connection without response'))
        [警告] 领涨股赛英电子 获取失败: ('Connection aborted.', RemoteDisconnected('Remote end closed connection without response'))
      北向个股 northbound_flow: 成功 809，跳过 191 （非沪股通或暂无数据）
      北向+行业并行耗时 101.3s

[2/3] 市场环境指标已输出: D:\BigACode\BugASelect\BigASelect\output\market_context_20260409.csv

[3/3] 行业强度已输出: D:\BigACode\BugASelect\BigASelect\output\sector_strength_20260409.csv（共 90 个行业）

[1/3] 多因子打分（Value/Growth/Capital/Sector）...
      市场档位: neutral，总分区间 [2.17, 58.09]，耗时 0.2s
      已输出: D:\BigACode\BugASelect\BigASelect\output\stock_pool_20260409.csv
      股票池 1000 只（批跑精简日志）


      [市场环境告警] 当前大盘环境偏离建议区间：index_ma60_position=-2.4476（建议>=0）
        （步骤6 已改为仅告警，不影响股票池数量）
==================================================
完成！总耗时 1539.0s，请检查 output/ 目录。
==================================================
