[运行日志] run_id=20260626_103641
[运行日志] 日志文件: D:\BigACode\BugASelect\BigASelect\output\logs\run_20260626_103641.log
==================================================
BigASelect - A股股票筛选程序
==================================================
运行模式: 正式模式（全市场）
行情模式: last_close
交易日: 20260130
目标股票池数量: 1000
筛选规则已启用: True

[1/3] 获取 A 股股票列表...
      共获取 5529 只股票
      耗时 0.2s
[1/3] 轻量指标 enrichment（风险标识 + 流动性字段）...
      获取最新收盘行情（数据截止 20260130，筛选步骤 1-2）...
        腾讯批量行情 5529/5529 只
      耗时 2.1s
[1/3] 筛选步骤 1-2（风险剔除 + 流动性）...
      步骤1 风险剔除: 5529 → 5300
      步骤2 流动性过滤: 5300 → 5300
      耗时 0.0s
      步骤 1-2 后剩余 5300 只股票
      预拉资金流（统一数据源: 同花顺）...
      资金流预拉耗时 10.1s
[1/3] 技术 enrichment（日K + 技术指标 + 同花顺资金流）...
      构建行业映射...
      计算技术指标与资金流（共 5300 只）...
        技术 enrichment 进度 265/5300
        技术 enrichment 进度 530/5300
        技术 enrichment 进度 795/5300
        技术 enrichment 进度 1060/5300
        技术 enrichment 进度 1325/5300
        技术 enrichment 进度 1590/5300
        技术 enrichment 进度 1855/5300
        技术 enrichment 进度 2120/5300
        技术 enrichment 进度 2385/5300
        技术 enrichment 进度 2650/5300
        技术 enrichment 进度 2915/5300
        技术 enrichment 进度 3180/5300
        技术 enrichment 进度 3445/5300
        技术 enrichment 进度 3710/5300
