[运行日志] run_id=20260629_211929
[运行日志] 日志文件: D:\BigACode\BugASelect\BigASelect\output\logs\run_20260629_211929.log
==================================================
BigASelect - A股股票筛选程序
==================================================
运行模式: 正式模式（全市场）
行情模式: last_close
交易日: 20260629
目标股票池数量: 1000
筛选规则已启用: True

[1/3] 获取 A 股股票列表...
      共获取 5527 只股票
      耗时 13.8s
[1/3] 轻量指标 enrichment（风险标识 + 流动性字段）...
      获取最新收盘行情（数据截止 20260629，筛选步骤 1-2）...
        腾讯批量行情 5527/5527 只
      耗时 2.5s
[1/3] 筛选步骤 1-2（风险剔除 + 流动性）...
      步骤1 风险剔除: 5527 → 5292
      步骤2 流动性过滤: 5292 → 4865
      耗时 0.0s
      步骤 1-2 后剩余 4865 只股票
      预拉资金流（统一数据源: 同花顺）...
        [警告] 同花顺个股10日排行 获取失败: 'NoneType' object has no attribute 'text'
        [警告] 同花顺个股5日排行 获取失败: 'NoneType' object has no attribute 'text'        [警告] 同花顺个股3日排行 获取失败: 'NoneType' object has no attribute 'text'

        [警告] 同花顺个股即时 获取失败: 'NoneType' object has no attribute 'text'
        [警告] 同花顺行业即时 获取失败: No tables found
        [警告] 同花顺行业3日排行 获取失败: No tables found
        [警告] 同花顺行业10日排行 获取失败: No tables found        [警告] 同花顺行业5日排行 获取失败: No tables found

      资金流预拉耗时 10.0s
[1/3] 技术 enrichment（日K + 技术指标 + 同花顺资金流）...
      构建行业映射...
      计算技术指标与资金流（共 4865 只）...
        技术 enrichment 进度 243/4865
        技术 enrichment 进度 486/4865
        技术 enrichment 进度 729/4865
        技术 enrichment 进度 972/4865
        技术 enrichment 进度 1215/4865
        技术 enrichment 进度 1458/4865
        技术 enrichment 进度 1701/4865
        技术 enrichment 进度 1944/4865
        技术 enrichment 进度 2187/4865
        技术 enrichment 进度 2430/4865
        技术 enrichment 进度 2673/4865
        技术 enrichment 进度 2916/4865
        技术 enrichment 进度 3159/4865
        技术 enrichment 进度 3402/4865
        技术 enrichment 进度 3645/4865
        技术 enrichment 进度 3888/4865
        技术 enrichment 进度 4131/4865
        技术 enrichment 进度 4374/4865
        技术 enrichment 进度 4617/4865
        技术 enrichment 进度 4860/4865
        技术 enrichment 进度 4865/4865
      耗时 579.5s
[1/3] 筛选步骤 3-4（趋势 + 资金持续性）...
      步骤3 趋势结构过滤: 4865 → 1613
      步骤4 资金持续性过滤: 已禁用，保留 1613 只
      耗时 0.0s
      步骤 3-4 后剩余 1613 只股票
[1/3] 财务 enrichment（估值 + 财务，仅幸存者）...
      计算估值与财务（共 1613 只）...
        财务 enrichment 进度 80/1613
        财务 enrichment 进度 160/1613
        财务 enrichment 进度 240/1613
        财务 enrichment 进度 320/1613
        财务 enrichment 进度 400/1613
        财务 enrichment 进度 480/1613
        财务 enrichment 进度 560/1613
        财务 enrichment 进度 640/1613
        财务 enrichment 进度 720/1613
        财务 enrichment 进度 800/1613
        财务 enrichment 进度 880/1613
        财务 enrichment 进度 960/1613
        财务 enrichment 进度 1040/1613
        财务 enrichment 进度 1120/1613
        财务 enrichment 进度 1200/1613
        财务 enrichment 进度 1280/1613
        财务 enrichment 进度 1360/1613
        财务 enrichment 进度 1440/1613
        财务 enrichment 进度 1520/1613
        财务 enrichment 进度 1600/1613
        财务 enrichment 进度 1613/1613
      耗时 479.0s
[1/3] 筛选步骤 5（估值财务）...
      步骤5 估值财务过滤: 1613 → 909
      步骤6 市场环境: 不参与筛选（流程末尾输出告警）
      耗时 0.0s
      最终股票池 909 只股票
[1/3] 附加北向个股 northbound_flow（与行业强度并行）...
        [警告] 行业汇总 获取失败: 'NoneType' object has no attribute 'text'
      北向个股 northbound_flow: 成功 595，跳过 314 （非沪股通或暂无数据）
      北向+行业并行耗时 59.5s

[2/3] 市场环境指标已输出: D:\BigACode\BugASelect\BigASelect\output\market_context_20260629.csv

[3/3] 行业强度已输出: D:\BigACode\BugASelect\BigASelect\output\sector_strength_20260629.csv（共 0 个行业）

[1/3] 多因子打分（Value/Growth/Capital/Sector）...
      市场档位: neutral，总分区间 [7.11, 66.94]，耗时 0.1s
      总分 Top5:
        300042.SZ 朗科科技 final=66.94
        002842.SZ 翔鹭钨业 final=66.83
        002297.SZ 博云新材 final=65.87
        300975.SZ 商络电子 final=64.46
        600961.SH 株冶集团 final=63.91
      已输出: D:\BigACode\BugASelect\BigASelect\output\stock_pool_20260629.csv

      --- 股票池字段填充报告 ---
      300042.SZ: 51/55 字段有效  缺失: main_net_inflow_1d, main_net_inflow_3d, main_net_inflow_5d, main_net_inflow_10d
      002842.SZ: 50/55 字段有效  缺失: main_net_inflow_1d, main_net_inflow_3d, main_net_inflow_5d, main_net_inflow_10d, northbound_flow
      002297.SZ: 51/55 字段有效  缺失: main_net_inflow_1d, main_net_inflow_3d, main_net_inflow_5d, main_net_inflow_10d
      300975.SZ: 51/55 字段有效  缺失: main_net_inflow_1d, main_net_inflow_3d, main_net_inflow_5d, main_net_inflow_10d
      600961.SH: 51/55 字段有效  缺失: main_net_inflow_1d, main_net_inflow_3d, main_net_inflow_5d, main_net_inflow_10d
      300821.SZ: 51/55 字段有效  缺失: main_net_inflow_1d, main_net_inflow_3d, main_net_inflow_5d, main_net_inflow_10d
      301099.SZ: 51/55 字段有效  缺失: main_net_inflow_1d, main_net_inflow_3d, main_net_inflow_5d, main_net_inflow_10d
      300861.SZ: 51/55 字段有效  缺失: main_net_inflow_1d, main_net_inflow_3d, main_net_inflow_5d, main_net_inflow_10d
      300592.SZ: 51/55 字段有效  缺失: main_net_inflow_1d, main_net_inflow_3d, main_net_inflow_5d, main_net_inflow_10d
      300223.SZ: 51/55 字段有效  缺失: main_net_inflow_1d, main_net_inflow_3d, main_net_inflow_5d, main_net_inflow_10d
      603032.SH: 51/55 字段有效  缺失: main_net_inflow_1d, main_net_inflow_3d, main_net_inflow_5d, main_net_inflow_10d
      300613.SZ: 51/55 字段有效  缺失: main_net_inflow_1d, main_net_inflow_3d, main_net_inflow_5d, main_net_inflow_10d
      002192.SZ: 51/55 字段有效  缺失: main_net_inflow_1d, main_net_inflow_3d, main_net_inflow_5d, main_net_inflow_10d
      300558.SZ: 51/55 字段有效  缺失: main_net_inflow_1d, main_net_inflow_3d, main_net_inflow_5d, main_net_inflow_10d
      603127.SH: 51/55 字段有效  缺失: main_net_inflow_1d, main_net_inflow_3d, main_net_inflow_5d, main_net_inflow_10d
      605020.SH: 51/55 字段有效  缺失: main_net_inflow_1d, main_net_inflow_3d, main_net_inflow_5d, main_net_inflow_10d
      001389.SZ: 51/55 字段有效  缺失: main_net_inflow_1d, main_net_inflow_3d, main_net_inflow_5d, main_net_inflow_10d
      603726.SH: 50/55 字段有效  缺失: main_net_inflow_1d, main_net_inflow_3d, main_net_inflow_5d, main_net_inflow_10d, northbound_flow
      000551.SZ: 50/55 字段有效  缺失: main_net_inflow_1d, main_net_inflow_3d, main_net_inflow_5d, main_net_inflow_10d, northbound_flow
      688059.SH: 51/55 字段有效  缺失: main_net_inflow_1d, main_net_inflow_3d, main_net_inflow_5d, main_net_inflow_10d
      ... 其余 889 只详见日志报告 stock_pool_field_stats

      汇总: 0/909 只股票字段全部有效；缺失最多的字段: main_net_inflow_1d(909), main_net_inflow_3d(909), main_net_inflow_5d(909), main_net_inflow_10d(909), northbound_flow(314)


      [市场环境告警] 当前大盘环境偏离建议区间：index_ma60_position=-0.0097（建议>=0）
        （步骤6 已改为仅告警，不影响股票池数量）
==================================================
完成！总耗时 1145.0s，请检查 output/ 目录。
==================================================
[归档] 20260629 → D:\BigACode\BugASelect\BigASelect\output\archive，stock_pool_20260629.csv，909 只
[运行日志] 报告已保存: D:\BigACode\BugASelect\BigASelect\output\logs\run_20260629_211929_report.json
