[运行日志] run_id=20260624_004554
[运行日志] 日志文件: D:\BigACode\BugASelect\BigASelect\output\logs\run_20260624_004554.log
==================================================
BigASelect - A股股票筛选程序
==================================================
运行模式: 正式模式（全市场）
行情模式: last_close
交易日: 20260427
目标股票池数量: 1000
筛选规则已启用: True

[1/3] 获取 A 股股票列表...
      共获取 5528 只股票
      耗时 0.3s
[1/3] 轻量指标 enrichment（风险标识 + 流动性字段）...
      获取最新收盘行情（数据截止 20260427，筛选步骤 1-2）...
        腾讯批量行情 5528/5528 只
      耗时 2.3s
[1/3] 筛选步骤 1-2（风险剔除 + 流动性）...
      步骤1 风险剔除: 5528 → 5299
      步骤2 流动性过滤: 5299 → 5299
      耗时 0.0s
      步骤 1-2 后剩余 5299 只股票
      预拉资金流（统一数据源: 同花顺）...
        [警告] 同花顺个股即时 获取失败: 'NoneType' object has no attribute 'text'
        [警告] 同花顺个股10日排行 获取失败: 'NoneType' object has no attribute 'text'
        [警告] 同花顺个股3日排行 获取失败: 'NoneType' object has no attribute 'text'
        [警告] 同花顺个股5日排行 获取失败: 'NoneType' object has no attribute 'text'
        [警告] 同花顺行业3日排行 获取失败: 'NoneType' object has no attribute 'text'
        [警告] 同花顺行业5日排行 获取失败: 'NoneType' object has no attribute 'text'
        [警告] 同花顺行业即时 获取失败: 'NoneType' object has no attribute 'text'
        [警告] 同花顺行业10日排行 获取失败: 'NoneType' object has no attribute 'text'
      资金流预拉耗时 9.7s
[1/3] 技术 enrichment（日K + 技术指标 + 同花顺资金流）...
      构建行业映射...
      计算技术指标与资金流（共 5299 只）...
        技术 enrichment 进度 264/5299
        技术 enrichment 进度 528/5299
        技术 enrichment 进度 792/5299
        技术 enrichment 进度 1056/5299
        技术 enrichment 进度 1320/5299
        技术 enrichment 进度 1584/5299
        技术 enrichment 进度 1848/5299
        技术 enrichment 进度 2112/5299
        技术 enrichment 进度 2376/5299
        技术 enrichment 进度 2640/5299
        技术 enrichment 进度 2904/5299
        技术 enrichment 进度 3168/5299
        技术 enrichment 进度 3432/5299
        技术 enrichment 进度 3696/5299
        技术 enrichment 进度 3960/5299
        技术 enrichment 进度 4224/5299
        技术 enrichment 进度 4488/5299
        技术 enrichment 进度 4752/5299
        技术 enrichment 进度 5016/5299
        技术 enrichment 进度 5280/5299
        技术 enrichment 进度 5299/5299
      耗时 562.2s
[1/3] 筛选步骤 3-4（趋势 + 资金持续性）...
      步骤3 趋势结构过滤: 5299 → 2830
      步骤4 资金持续性过滤: 已禁用，保留 2830 只
      耗时 0.0s
      步骤 3-4 后剩余 2830 只股票
[1/3] 财务 enrichment（估值 + 财务，仅幸存者）...
      计算估值与财务（共 2830 只）...
        财务 enrichment 进度 141/2830
        财务 enrichment 进度 282/2830
        财务 enrichment 进度 423/2830
        财务 enrichment 进度 564/2830
        财务 enrichment 进度 705/2830
        财务 enrichment 进度 846/2830
        财务 enrichment 进度 987/2830
        财务 enrichment 进度 1128/2830
        财务 enrichment 进度 1269/2830
        财务 enrichment 进度 1410/2830
        财务 enrichment 进度 1551/2830
        财务 enrichment 进度 1692/2830
        财务 enrichment 进度 1833/2830
        财务 enrichment 进度 1974/2830
        财务 enrichment 进度 2115/2830
        财务 enrichment 进度 2256/2830
        财务 enrichment 进度 2397/2830
        财务 enrichment 进度 2538/2830
        财务 enrichment 进度 2679/2830
        财务 enrichment 进度 2820/2830
        财务 enrichment 进度 2830/2830
      耗时 237.6s
[1/3] 筛选步骤 5（估值财务）...
      步骤5 估值财务过滤: 2830 → 1892
      步骤6 市场环境: 不参与筛选（流程末尾输出告警）
      耗时 0.0s
      最终股票池 1000 只股票
[1/3] 附加北向个股 northbound_flow（与行业强度并行）...
        [警告] 行业汇总 获取失败: 'NoneType' object has no attribute 'text'
      北向个股 northbound_flow: 成功 804，跳过 196 （非沪股通或暂无数据）
      北向+行业并行耗时 85.7s

[2/3] 市场环境指标已输出: D:\BigACode\BugASelect\BigASelect\output\market_context_20260427.csv

[3/3] 行业强度已输出: D:\BigACode\BugASelect\BigASelect\output\sector_strength_20260427.csv（共 0 个行业）

[1/3] 多因子打分（Value/Growth/Capital/Sector）...
      市场档位: neutral，总分区间 [9.41, 55.63]，耗时 0.1s
      已输出: D:\BigACode\BugASelect\BigASelect\output\stock_pool_20260427.csv
      股票池 1000 只（批跑精简日志）


      [市场环境] 市场环境正常：market_risk_index=50.00，index_ma60_position=0.8109
==================================================
完成！总耗时 898.1s，请检查 output/ 目录。
==================================================
