[运行日志] run_id=20260701_093817
[运行日志] 日志文件: D:\BigACode\BugASelect\BigASelect\output\logs\run_20260701_093817.log
==================================================
BigASelect - A股股票筛选程序
==================================================
运行模式: 正式模式（全市场）
行情模式: last_close
交易日: 20260323
目标股票池数量: 1000
筛选规则已启用: True

[1/3] 获取 A 股股票列表...
      共获取 5528 只股票
      耗时 0.3s
[1/3] 轻量指标 enrichment（风险标识 + 流动性字段）...
      获取最新收盘行情（数据截止 20260323，筛选步骤 1-2）...
        腾讯批量行情 5528/5528 只
      耗时 2.2s
[1/3] 筛选步骤 1-2（风险剔除 + 流动性）...
      步骤1 风险剔除: 5528 → 5342
      步骤2 流动性过滤: 5342 → 5342
      耗时 0.0s
      步骤 1-2 后剩余 5342 只股票
      预拉资金流（统一数据源: 同花顺）...
        [警告] 同花顺个股即时 获取失败: Length mismatch: Expected axis has 13 elements, new values have 10 elements
      资金流预拉耗时 21.1s
[1/3] 技术 enrichment（日K + 技术指标 + 同花顺资金流）...
      构建行业映射...
      计算技术指标与资金流（共 5342 只）...
        技术 enrichment 进度 267/5342
        技术 enrichment 进度 534/5342
        技术 enrichment 进度 801/5342
        技术 enrichment 进度 1068/5342
        技术 enrichment 进度 1335/5342
        技术 enrichment 进度 1602/5342
        技术 enrichment 进度 1869/5342
        技术 enrichment 进度 2136/5342
        技术 enrichment 进度 2403/5342
        技术 enrichment 进度 2670/5342
        技术 enrichment 进度 2937/5342
        技术 enrichment 进度 3204/5342
        技术 enrichment 进度 3471/5342
        技术 enrichment 进度 3738/5342
        技术 enrichment 进度 4005/5342
        技术 enrichment 进度 4272/5342
        技术 enrichment 进度 4539/5342
        技术 enrichment 进度 4806/5342
        技术 enrichment 进度 5073/5342
        技术 enrichment 进度 5340/5342
        技术 enrichment 进度 5342/5342
      耗时 567.6s
[1/3] 筛选步骤 3-4（趋势 + 资金持续性）...
      步骤3 趋势结构过滤: 5342 → 3179
      步骤4 资金持续性过滤: 已禁用，保留 3179 只
      耗时 0.0s
      步骤 3-4 后剩余 3179 只股票
[1/3] 财务 enrichment（估值 + 财务，仅幸存者）...
      计算估值与财务（共 3179 只）...
        财务 enrichment 进度 158/3179
        财务 enrichment 进度 316/3179
        财务 enrichment 进度 474/3179
        财务 enrichment 进度 632/3179
        财务 enrichment 进度 790/3179
        财务 enrichment 进度 948/3179
        财务 enrichment 进度 1106/3179
        财务 enrichment 进度 1264/3179
        财务 enrichment 进度 1422/3179
        财务 enrichment 进度 1580/3179
        财务 enrichment 进度 1738/3179
        财务 enrichment 进度 1896/3179
        财务 enrichment 进度 2054/3179
        财务 enrichment 进度 2212/3179
        财务 enrichment 进度 2370/3179
        财务 enrichment 进度 2528/3179
        财务 enrichment 进度 2686/3179
        财务 enrichment 进度 2844/3179
        财务 enrichment 进度 3002/3179
        财务 enrichment 进度 3160/3179
        财务 enrichment 进度 3179/3179
      耗时 224.2s
[1/3] 筛选步骤 5（估值财务）...
      步骤5 估值财务过滤: 3179 → 2123
      步骤6 市场环境: 不参与筛选（流程末尾输出告警）
      耗时 0.0s
      最终股票池 1000 只股票
[1/3] 附加北向个股 northbound_flow（与行业强度并行）...
      计算行业指数指标与领涨股20日收益（共 90 个行业，并发 8）...
        [警告] 领涨股金宏气体 获取失败: index 0 is out of bounds for axis 0 with size 0        [警告] 领涨股德龙汇能 获取失败: index 0 is out of bounds for axis 0 with size 0        [警告] 领涨股火炬电子 获取失败: index 0 is out of bounds for axis 0 with size 0


        [警告] 领涨股火炬电子 获取失败: index 0 is out of bounds for axis 0 with size 0        [警告] 领涨股金宏气体 获取失败: index 0 is out of bounds for axis 0 with size 0

        [警告] 领涨股德龙汇能 获取失败: index 0 is out of bounds for axis 0 with size 0
        [警告] 领涨股ST雪浪 获取失败: index 0 is out of bounds for axis 0 with size 0
        [警告] 领涨股远望谷 获取失败: index 0 is out of bounds for axis 0 with size 0
        [警告] 领涨股蓝晓科技 获取失败: index 0 is out of bounds for axis 0 with size 0
        [警告] 领涨股北方长龙 获取失败: index 0 is out of bounds for axis 0 with size 0
        [警告] 领涨股ST雪浪 获取失败: index 0 is out of bounds for axis 0 with size 0
        [警告] 领涨股云维股份 获取失败: index 0 is out of bounds for axis 0 with size 0
        [警告] 领涨股远望谷 获取失败: index 0 is out of bounds for axis 0 with size 0
        [警告] 领涨股蓝晓科技 获取失败: index 0 is out of bounds for axis 0 with size 0
        [警告] 领涨股云维股份 获取失败: index 0 is out of bounds for axis 0 with size 0        [警告] 领涨股飞利信 获取失败: index 0 is out of bounds for axis 0 with size 0

        [警告] 领涨股北方长龙 获取失败: index 0 is out of bounds for axis 0 with size 0        [警告] 领涨股首华燃气 获取失败: index 0 is out of bounds for axis 0 with size 0

        [警告] 领涨股国华退 获取失败: index 0 is out of bounds for axis 0 with size 0
        [警告] 领涨股飞利信 获取失败: index 0 is out of bounds for axis 0 with size 0
        [警告] 领涨股首华燃气 获取失败: index 0 is out of bounds for axis 0 with size 0
        [警告] 领涨股兆威机电 获取失败: index 0 is out of bounds for axis 0 with size 0
        [警告] 领涨股国华退 获取失败: index 0 is out of bounds for axis 0 with size 0
        [警告] 领涨股兆威机电 获取失败: index 0 is out of bounds for axis 0 with size 0
        [警告] 领涨股凤凰航运 获取失败: index 0 is out of bounds for axis 0 with size 0
        [警告] 领涨股浙江东日 获取失败: index 0 is out of bounds for axis 0 with size 0        [警告] 领涨股凤凰航运 获取失败: index 0 is out of bounds for axis 0 with size 0

        [警告] 领涨股鲁信创投 获取失败: 未找到领涨股 鲁信创投
        [警告] 领涨股浙江东日 获取失败: index 0 is out of bounds for axis 0 with size 0
        [警告] 领涨股阳谷华泰 获取失败: index 0 is out of bounds for axis 0 with size 0
        [警告] 领涨股*ST景谷 获取失败: index 0 is out of bounds for axis 0 with size 0
        [警告] 领涨股阳谷华泰 获取失败: index 0 is out of bounds for axis 0 with size 0
        [警告] 领涨股鲁信创投 获取失败: 未找到领涨股 鲁信创投
        [警告] 领涨股*ST景谷 获取失败: index 0 is out of bounds for axis 0 with size 0
        [警告] 领涨股读客文化 获取失败: index 0 is out of bounds for axis 0 with size 0
        [警告] 领涨股天风证券 获取失败: index 0 is out of bounds for axis 0 with size 0
        [警告] 领涨股读客文化 获取失败: index 0 is out of bounds for axis 0 with size 0
        [警告] 领涨股天风证券 获取失败: index 0 is out of bounds for axis 0 with size 0
        [警告] 领涨股西测测试 获取失败: index 0 is out of bounds for axis 0 with size 0
        [警告] 领涨股西测测试 获取失败: index 0 is out of bounds for axis 0 with size 0
        [警告] 领涨股珠城科技 获取失败: 未找到领涨股 珠城科技
        [警告] 领涨股金字火腿 获取失败: index 0 is out of bounds for axis 0 with size 0        [警告] 领涨股新叶股份 获取失败: index 0 is out of bounds for axis 0 with size 0

        [警告] 领涨股雷尔伟 获取失败: index 0 is out of bounds for axis 0 with size 0
        [警告] 领涨股珠城科技 获取失败: 未找到领涨股 珠城科技
        [警告] 领涨股金字火腿 获取失败: index 0 is out of bounds for axis 0 with size 0
        [警告] 领涨股新叶股份 获取失败: index 0 is out of bounds for axis 0 with size 0
        [警告] 领涨股雷尔伟 获取失败: index 0 is out of bounds for axis 0 with size 0
        [警告] 领涨股汉马科技 获取失败: index 0 is out of bounds for axis 0 with size 0
        [警告] 领涨股大众交通 获取失败: index 0 is out of bounds for axis 0 with size 0
        [警告] 领涨股征和工业 获取失败: index 0 is out of bounds for axis 0 with size 0
        [警告] 领涨股开滦股份 获取失败: index 0 is out of bounds for axis 0 with size 0
        [警告] 领涨股天马新材 获取失败: index 0 is out of bounds for axis 0 with size 0
        [警告] 领涨股汉马科技 获取失败: index 0 is out of bounds for axis 0 with size 0        [警告] 领涨股大众交通 获取失败: index 0 is out of bounds for axis 0 with size 0

        [警告] 领涨股征和工业 获取失败: index 0 is out of bounds for axis 0 with size 0
        [警告] 领涨股开滦股份 获取失败: index 0 is out of bounds for axis 0 with size 0        [警告] 领涨股中国人寿 获取失败: index 0 is out of bounds for axis 0 with size 0
        [警告] 领涨股天马新材 获取失败: index 0 is out of bounds for axis 0 with size 0

        [警告] 领涨股安德利 获取失败: index 0 is out of bounds for axis 0 with size 0
        [警告] 领涨股祥源文旅 获取失败: index 0 is out of bounds for axis 0 with size 0
        [警告] 领涨股中国人寿 获取失败: index 0 is out of bounds for axis 0 with size 0
        [警告] 领涨股安德利 获取失败: index 0 is out of bounds for axis 0 with size 0
        [警告] 领涨股水井坊 获取失败: index 0 is out of bounds for axis 0 with size 0
        [警告] 领涨股祥源文旅 获取失败: index 0 is out of bounds for axis 0 with size 0
        [警告] 领涨股海航控股 获取失败: index 0 is out of bounds for axis 0 with size 0
        [警告] 领涨股水井坊 获取失败: index 0 is out of bounds for axis 0 with size 0
        [警告] 领涨股盛达资源 获取失败: 未找到领涨股 盛达资源
        [警告] 领涨股海航控股 获取失败: index 0 is out of bounds for axis 0 with size 0
        [警告] 领涨股康惠股份 获取失败: index 0 is out of bounds for axis 0 with size 0
        [警告] 领涨股志特新材 获取失败: 未找到领涨股 志特新材
        [警告] 领涨股康惠股份 获取失败: index 0 is out of bounds for axis 0 with size 0
        [警告] 领涨股名臣健康 获取失败: index 0 is out of bounds for axis 0 with size 0
        [警告] 领涨股中国动力 获取失败: index 0 is out of bounds for axis 0 with size 0
        [警告] 领涨股名臣健康 获取失败: index 0 is out of bounds for axis 0 with size 0
        [警告] 领涨股中国动力 获取失败: index 0 is out of bounds for axis 0 with size 0
        [警告] 领涨股盛达资源 获取失败: 未找到领涨股 盛达资源
        [警告] 领涨股*ST威领 获取失败: 未找到领涨股 *ST威领
        [警告] 领涨股株冶集团 获取失败: 未找到领涨股 株冶集团
        [警告] 领涨股志特新材 获取失败: 未找到领涨股 志特新材
        [警告] 领涨股*ST威领 获取失败: 未找到领涨股 *ST威领
        [警告] 领涨股株冶集团 获取失败: 未找到领涨股 株冶集团
      北向个股 northbound_flow: 成功 857，跳过 143 （非沪股通或暂无数据）
      北向+行业并行耗时 111.8s

[2/3] 市场环境指标已输出: D:\BigACode\BugASelect\BigASelect\output\market_context_20260323.csv

[3/3] 行业强度已输出: D:\BigACode\BugASelect\BigASelect\output\sector_strength_20260323.csv（共 90 个行业）

[1/3] 多因子打分（Value/Growth/Capital/Sector）...
      市场档位: high，总分区间 [19.32, 45.27]，耗时 0.1s
      已输出: D:\BigACode\BugASelect\BigASelect\output\stock_pool_20260323.csv
      股票池 1000 只（批跑精简日志）


      [市场环境告警] 当前大盘环境偏离建议区间：market_risk_index=75.00（建议<70）；index_ma60_position=-6.3786（建议>=0）
        （步骤6 已改为仅告警，不影响股票池数量）
==================================================
完成！总耗时 927.4s，请检查 output/ 目录。
==================================================
