[运行日志] run_id=20260701_214512
[运行日志] 日志文件: D:\ProjDemo\BigASelect\output\logs\run_20260701_214512.log
==================================================
BigASelect - A股股票筛选程序
==================================================
运行模式: 正式模式（全市场）
行情模式: last_close
交易日: 20260701
目标股票池数量: 1000
筛选规则已启用: True

[1/3] 获取 A 股股票列表...
      共获取 5528 只股票
      耗时 12.7s
[1/3] 轻量指标 enrichment（风险标识 + 流动性字段）...
      获取最新收盘行情（数据截止 20260701，筛选步骤 1-2）...
        腾讯批量行情 5528/5528 只
      耗时 3.6s
[1/3] 筛选步骤 1-2（风险剔除 + 流动性）...
      步骤1 风险剔除: 5528 → 5298
      步骤2 流动性过滤: 5298 → 4903
      耗时 0.0s
      步骤 1-2 后剩余 4903 只股票
      预拉资金流（统一数据源: 同花顺）...
      资金流预拉耗时 25.0s
[1/3] 技术 enrichment（日K + 技术指标 + 同花顺资金流）...
      构建行业映射...
      计算技术指标与资金流（共 4903 只）...
        技术 enrichment 进度 245/4903
        技术 enrichment 进度 490/4903
        技术 enrichment 进度 735/4903
        技术 enrichment 进度 980/4903
        技术 enrichment 进度 1225/4903
        技术 enrichment 进度 1470/4903
        技术 enrichment 进度 1715/4903
        技术 enrichment 进度 1960/4903
        技术 enrichment 进度 2205/4903
        技术 enrichment 进度 2450/4903
        技术 enrichment 进度 2695/4903
        技术 enrichment 进度 2940/4903
        技术 enrichment 进度 3185/4903
        技术 enrichment 进度 3430/4903
        技术 enrichment 进度 3675/4903
        技术 enrichment 进度 3920/4903
        技术 enrichment 进度 4165/4903
        技术 enrichment 进度 4410/4903
        技术 enrichment 进度 4655/4903
        技术 enrichment 进度 4900/4903
        技术 enrichment 进度 4903/4903
      耗时 1713.9s
[1/3] 筛选步骤 3-4（趋势 + 资金持续性）...
      步骤3 趋势结构过滤: 4903 → 1610
      步骤4 资金持续性过滤: 已禁用，保留 1610 只
      耗时 0.0s
      步骤 3-4 后剩余 1610 只股票
[1/3] 财务 enrichment（估值 + 财务，仅幸存者）...
      计算估值与财务（共 1610 只）...
        财务 enrichment 进度 80/1610
        财务 enrichment 进度 160/1610
        财务 enrichment 进度 240/1610
        财务 enrichment 进度 320/1610
        财务 enrichment 进度 400/1610
        财务 enrichment 进度 480/1610
        财务 enrichment 进度 560/1610
        财务 enrichment 进度 640/1610
        财务 enrichment 进度 720/1610
        财务 enrichment 进度 800/1610
        财务 enrichment 进度 880/1610
        财务 enrichment 进度 960/1610
        财务 enrichment 进度 1040/1610
        财务 enrichment 进度 1120/1610
        财务 enrichment 进度 1200/1610
        财务 enrichment 进度 1280/1610
        财务 enrichment 进度 1360/1610
        财务 enrichment 进度 1440/1610
        财务 enrichment 进度 1520/1610
        财务 enrichment 进度 1600/1610
        财务 enrichment 进度 1610/1610
      耗时 739.6s
[1/3] 筛选步骤 5（估值财务）...
      步骤5 估值财务过滤: 1610 → 891
      步骤6 市场环境: 不参与筛选（流程末尾输出告警）
      耗时 0.0s
      最终股票池 891 只股票
[1/3] 附加北向个股 northbound_flow（与行业强度并行）...
      计算行业指数指标与领涨股20日收益（共 90 个行业，并发 8）...
        [警告] 领涨股中纺标 获取失败: index out of bounds
        [警告] 领涨股海达尔 获取失败: 未找到领涨股 海达尔
        [警告] 领涨股中纺标 获取失败: index out of bounds
        [警告] 领涨股海达尔 获取失败: 未找到领涨股 海达尔
        [警告] 领涨股大禹生物 获取失败: 未找到领涨股 大禹生物
        [警告] 领涨股大禹生物 获取失败: 未找到领涨股 大禹生物
      北向个股 northbound_flow: 成功 578，跳过 313 （非沪股通或暂无数据）
      北向+行业并行耗时 399.7s

[2/3] 市场环境指标已输出: D:\ProjDemo\BigASelect\output\market_context_20260701.csv

[3/3] 行业强度已输出: D:\ProjDemo\BigASelect\output\sector_strength_20260701.csv（共 90 个行业）

[1/3] 多因子打分（Value/Growth/Capital/Sector）...
      市场档位: neutral，总分区间 [0.80, 76.36]，耗时 0.1s
      总分 Top5:
        300042.SZ 朗科科技 final=76.36
        300223.SZ 北京君正 final=72.83
        300613.SZ 富瀚微 final=72.40
        688378.SH 奥来德 final=71.99
        300861.SZ 美畅股份 final=71.93
      已输出: D:\ProjDemo\BigASelect\output\stock_pool_20260701.csv

      --- 股票池字段填充报告 ---
      300042.SZ: 55/55 字段有效
      300223.SZ: 55/55 字段有效
      300613.SZ: 55/55 字段有效
      688378.SH: 55/55 字段有效
      300861.SZ: 55/55 字段有效
      002192.SZ: 55/55 字段有效
      688059.SH: 55/55 字段有效
      300975.SZ: 55/55 字段有效
      688209.SH: 55/55 字段有效
      688308.SH: 55/55 字段有效
      300821.SZ: 55/55 字段有效
      301297.SZ: 55/55 字段有效
      688372.SH: 55/55 字段有效
      688536.SH: 55/55 字段有效
      688400.SH: 55/55 字段有效
      688257.SH: 54/55 字段有效  缺失: northbound_flow
      688689.SH: 54/55 字段有效  缺失: northbound_flow
      300390.SZ: 55/55 字段有效
      300558.SZ: 55/55 字段有效
      688401.SH: 55/55 字段有效
      ... 其余 871 只详见日志报告 stock_pool_field_stats

      汇总: 577/891 只股票字段全部有效；缺失最多的字段: northbound_flow(313), ma250(41), ma120(34), main_net_inflow_3d(27), main_net_inflow_1d(26)


      [市场环境] 市场环境正常：market_risk_index=58.00，index_ma60_position=0.7852
==================================================
完成！总耗时 2895.0s，请检查 output/ 目录。
==================================================
[归档] 20260701 → D:\ProjDemo\BigASelect\output\archive，stock_pool_20260701.csv，891 只
[运行日志] 报告已保存: D:\ProjDemo\BigASelect\output\logs\run_20260701_214512_report.json
