[运行日志] run_id=20260701_073012
[运行日志] 日志文件: D:\BigACode\BugASelect\BigASelect\output\logs\run_20260701_073012.log
==================================================
BigASelect - A股股票筛选程序
==================================================
运行模式: 正式模式（全市场）
行情模式: last_close
交易日: 20260311
目标股票池数量: 1000
筛选规则已启用: True

[1/3] 获取 A 股股票列表...
      共获取 5528 只股票
      耗时 7.3s
[1/3] 轻量指标 enrichment（风险标识 + 流动性字段）...
      获取最新收盘行情（数据截止 20260311，筛选步骤 1-2）...
        腾讯批量行情 5528/5528 只
      耗时 2.4s
[1/3] 筛选步骤 1-2（风险剔除 + 流动性）...
      步骤1 风险剔除: 5528 → 5342
      步骤2 流动性过滤: 5342 → 5342
      耗时 0.0s
      步骤 1-2 后剩余 5342 只股票
      预拉资金流（统一数据源: 同花顺）...
        [警告] 同花顺个股5日排行 获取失败: 'NoneType' object has no attribute 'text'
        [警告] 同花顺个股即时 获取失败: 'NoneType' object has no attribute 'text'
        [警告] 同花顺个股10日排行 获取失败: 'NoneType' object has no attribute 'text'
        [警告] 同花顺个股3日排行 获取失败: 'NoneType' object has no attribute 'text'
        [警告] 同花顺行业即时 获取失败: 'NoneType' object has no attribute 'text'
        [警告] 同花顺行业3日排行 获取失败: 'NoneType' object has no attribute 'text'
        [警告] 同花顺行业5日排行 获取失败: 'NoneType' object has no attribute 'text'
        [警告] 同花顺行业10日排行 获取失败: 'NoneType' object has no attribute 'text'
      资金流预拉耗时 9.6s
[1/3] 技术 enrichment（日K + 技术指标 + 同花顺资金流）...
      构建行业映射...
      计算技术指标与资金流（共 5342 只）...
        技术 enrichment 进度 267/5342
        技术 enrichment 进度 534/5342
        技术 enrichment 进度 801/5342
        技术 enrichment 进度 1068/5342
        技术 enrichment 进度 1335/5342
        技术 enrichment 进度 1602/5342
        技术 enrichment 进度 1869/5342
        技术 enrichment 进度 2136/5342
        技术 enrichment 进度 2403/5342
        技术 enrichment 进度 2670/5342
        技术 enrichment 进度 2937/5342
        技术 enrichment 进度 3204/5342
        技术 enrichment 进度 3471/5342
        技术 enrichment 进度 3738/5342
        技术 enrichment 进度 4005/5342
        技术 enrichment 进度 4272/5342
        技术 enrichment 进度 4539/5342
        技术 enrichment 进度 4806/5342
        技术 enrichment 进度 5073/5342
        技术 enrichment 进度 5340/5342
        技术 enrichment 进度 5342/5342
      耗时 564.2s
[1/3] 筛选步骤 3-4（趋势 + 资金持续性）...
      步骤3 趋势结构过滤: 5342 → 3043
      步骤4 资金持续性过滤: 已禁用，保留 3043 只
      耗时 0.0s
      步骤 3-4 后剩余 3043 只股票
[1/3] 财务 enrichment（估值 + 财务，仅幸存者）...
      计算估值与财务（共 3043 只）...
        财务 enrichment 进度 152/3043
        财务 enrichment 进度 304/3043
        财务 enrichment 进度 456/3043
        财务 enrichment 进度 608/3043
        财务 enrichment 进度 760/3043
        财务 enrichment 进度 912/3043
        财务 enrichment 进度 1064/3043
        财务 enrichment 进度 1216/3043
        财务 enrichment 进度 1368/3043
        财务 enrichment 进度 1520/3043
        财务 enrichment 进度 1672/3043
        财务 enrichment 进度 1824/3043
        财务 enrichment 进度 1976/3043
        财务 enrichment 进度 2128/3043
        财务 enrichment 进度 2280/3043
        财务 enrichment 进度 2432/3043
        财务 enrichment 进度 2584/3043
        财务 enrichment 进度 2736/3043
        财务 enrichment 进度 2888/3043
        财务 enrichment 进度 3040/3043
        财务 enrichment 进度 3043/3043
      耗时 258.5s
[1/3] 筛选步骤 5（估值财务）...
      步骤5 估值财务过滤: 3043 → 2005
      步骤6 市场环境: 不参与筛选（流程末尾输出告警）
      耗时 0.0s
      最终股票池 1000 只股票
[1/3] 附加北向个股 northbound_flow（与行业强度并行）...
        [警告] 行业汇总 获取失败: 'NoneType' object has no attribute 'text'
      北向个股 northbound_flow: 成功 807，跳过 193 （非沪股通或暂无数据）
      北向+行业并行耗时 91.0s

[2/3] 市场环境指标已输出: D:\BigACode\BugASelect\BigASelect\output\market_context_20260311.csv

[3/3] 行业强度已输出: D:\BigACode\BugASelect\BigASelect\output\sector_strength_20260311.csv（共 0 个行业）

[1/3] 多因子打分（Value/Growth/Capital/Sector）...
      市场档位: neutral，总分区间 [18.84, 62.45]，耗时 0.5s
      已输出: D:\BigACode\BugASelect\BigASelect\output\stock_pool_20260311.csv
      股票池 1000 只（批跑精简日志）


      [市场环境] 市场环境正常：market_risk_index=40.00，index_ma60_position=1.9569
==================================================
完成！总耗时 933.8s，请检查 output/ 目录。
==================================================
