[运行日志] run_id=20260618_150153
[运行日志] 日志文件: D:\ProjDemo\BigASelect\output\logs\run_20260618_150153.log
==================================================
BigASelect - A股股票筛选程序
==================================================
运行模式: 正式模式（全市场）
行情模式: last_close
交易日: 20260618
目标股票池数量: 1000
筛选规则已启用: True

[1/3] 获取 A 股股票列表...
      共获取 5528 只股票
      耗时 15.0s
[1/3] 轻量指标 enrichment（风险标识 + 流动性字段）...
      获取最新收盘行情（数据截止 20260618，筛选步骤 1-2）...
        腾讯批量行情 5528/5528 只
      耗时 3.5s
[1/3] 筛选步骤 1-2（风险剔除 + 流动性）...
      步骤1 风险剔除: 5528 → 5284
      步骤2 流动性过滤: 5284 → 4663
      耗时 0.0s
      步骤 1-2 后剩余 4663 只股票
      预拉资金流（统一数据源: 同花顺）...
      预拉行业资金流（统一数据源: 同花顺）...
      资金流预拉耗时 85.7s
[1/3] 技术 enrichment（日K + 技术指标 + 同花顺资金流）...
      构建行业映射...
      计算技术指标与资金流（共 4663 只）...
        技术 enrichment 进度 233/4663
        技术 enrichment 进度 466/4663
        技术 enrichment 进度 699/4663
        技术 enrichment 进度 932/4663
        技术 enrichment 进度 1165/4663
        技术 enrichment 进度 1398/4663
        技术 enrichment 进度 1631/4663
        技术 enrichment 进度 1864/4663
        技术 enrichment 进度 2097/4663
        技术 enrichment 进度 2330/4663
        技术 enrichment 进度 2563/4663
        技术 enrichment 进度 2796/4663
        技术 enrichment 进度 3029/4663
        技术 enrichment 进度 3262/4663
        技术 enrichment 进度 3495/4663
        技术 enrichment 进度 3728/4663
        技术 enrichment 进度 3961/4663
        技术 enrichment 进度 4194/4663
        技术 enrichment 进度 4427/4663
        技术 enrichment 进度 4660/4663
        技术 enrichment 进度 4663/4663
      耗时 1707.7s
[1/3] 筛选步骤 3-4（趋势 + 资金持续性）...
      步骤3 趋势结构过滤: 4663 → 1683
      步骤4 资金持续性过滤: 1683 → 1407
      耗时 0.0s
      步骤 3-4 后剩余 1407 只股票
[1/3] 财务 enrichment（估值 + 财务，仅幸存者）...
      计算估值与财务（共 1407 只）...
        财务 enrichment 进度 70/1407
        财务 enrichment 进度 140/1407
        财务 enrichment 进度 210/1407
        财务 enrichment 进度 280/1407
        财务 enrichment 进度 350/1407
        财务 enrichment 进度 420/1407
        财务 enrichment 进度 490/1407
        财务 enrichment 进度 560/1407
        财务 enrichment 进度 630/1407
        财务 enrichment 进度 700/1407
        财务 enrichment 进度 770/1407
        财务 enrichment 进度 840/1407
        财务 enrichment 进度 910/1407
        财务 enrichment 进度 980/1407
        财务 enrichment 进度 1050/1407
        财务 enrichment 进度 1120/1407
        财务 enrichment 进度 1190/1407
        财务 enrichment 进度 1260/1407
        财务 enrichment 进度 1330/1407
        财务 enrichment 进度 1400/1407
        财务 enrichment 进度 1407/1407
      耗时 647.7s
[1/3] 筛选步骤 5-6（估值财务 + 市场环境）...
      步骤5 估值财务过滤: 1407 → 780
      步骤6 市场环境过滤: 780 → 780
      耗时 0.0s
      最终股票池 780 只股票
[1/3] 附加北向个股 northbound_flow（仅最终股票池）...
      北向个股 northbound_flow: 成功 493，跳过 287 （非沪股通或暂无数据）
      耗时 319.4s
      已输出: D:\ProjDemo\BigASelect\output\stock_pool_20260618_150153.csv

      --- 股票池字段填充报告 ---
      600487.SH: 45/45 字段有效
      600584.SH: 45/45 字段有效
      600522.SH: 45/45 字段有效
      300136.SZ: 44/45 字段有效  缺失: main_net_inflow_1d
      002008.SZ: 45/45 字段有效
      600549.SH: 45/45 字段有效
      300285.SZ: 45/45 字段有效
      300408.SZ: 45/45 字段有效
      000725.SZ: 45/45 字段有效
      000636.SZ: 45/45 字段有效
      601138.SH: 45/45 字段有效
      002156.SZ: 45/45 字段有效
      600498.SH: 45/45 字段有效
      688012.SH: 45/45 字段有效
      002475.SZ: 45/45 字段有效
      300750.SZ: 45/45 字段有效
      002185.SZ: 45/45 字段有效
      300014.SZ: 45/45 字段有效
      601208.SH: 45/45 字段有效
      600460.SH: 45/45 字段有效
      ... 其余 760 只详见日志报告 stock_pool_field_stats

      汇总: 435/780 只股票字段全部有效；缺失最多的字段: northbound_flow(287), main_net_inflow_1d(58), main_net_inflow_3d(57), main_net_inflow_5d(49), ma250(38)

[2/3] 市场环境指标已输出: D:\ProjDemo\BigASelect\output\market_context_20260618_150153.csv

[3/3] 获取行业强度数据...
      计算行业指数指标（共 90 个行业）...
      计算领涨股20日收益（共 90 个行业）...
        [警告] 领涨股诺思兰德 获取失败: ('Connection aborted.', RemoteDisconnected('Remote end closed connection without response'))
        [警告] 领涨股金戈新材 获取失败: ('Connection aborted.', RemoteDisconnected('Remote end closed connection without response'))
        [警告] 领涨股丹娜生物 获取失败: ('Connection aborted.', RemoteDisconnected('Remote end closed connection without response'))
        [警告] 领涨股聚星科技 获取失败: ('Connection aborted.', RemoteDisconnected('Remote end closed connection without response'))
        [警告] 领涨股丹娜生物 获取失败: ('Connection aborted.', RemoteDisconnected('Remote end closed connection without response'))
        [警告] 领涨股聚星科技 获取失败: ('Connection aborted.', RemoteDisconnected('Remote end closed connection without response'))
        [警告] 领涨股诺思兰德 获取失败: ('Connection aborted.', RemoteDisconnected('Remote end closed connection without response'))
        [警告] 领涨股金戈新材 获取失败: ('Connection aborted.', RemoteDisconnected('Remote end closed connection without response'))
      共计算 90 个行业，耗时 48.3s
      已输出: D:\ProjDemo\BigASelect\output\sector_strength_20260618_150153.csv

==================================================
完成！总耗时 2827.7s，请检查 output/ 目录。
==================================================
[运行日志] 报告已保存: D:\ProjDemo\BigASelect\output\logs\run_20260618_150153_report.json
