[运行日志] run_id=20260701_095345
[运行日志] 日志文件: D:\BigACode\BugASelect\BigASelect\output\logs\run_20260701_095345.log
==================================================
BigASelect - A股股票筛选程序
==================================================
运行模式: 正式模式（全市场）
行情模式: last_close
交易日: 20260626
目标股票池数量: 1000
筛选规则已启用: True

[1/3] 获取 A 股股票列表...
      共获取 5528 只股票
      耗时 0.3s
[1/3] 轻量指标 enrichment（风险标识 + 流动性字段）...
      获取最新收盘行情（数据截止 20260626，筛选步骤 1-2）...
        腾讯批量行情 5528/5528 只
      耗时 2.8s
[1/3] 筛选步骤 1-2（风险剔除 + 流动性）...
      步骤1 风险剔除: 5528 → 5342
      步骤2 流动性过滤: 5342 → 5342
      耗时 0.0s
      步骤 1-2 后剩余 5342 只股票
      预拉资金流（统一数据源: 同花顺）...
        [警告] 同花顺个股3日排行 获取失败: No tables found
        [警告] 同花顺个股5日排行 获取失败: No tables found
        [警告] 同花顺个股10日排行 获取失败: No tables found
        [警告] 同花顺个股即时 获取失败: No tables found
      资金流预拉耗时 9.4s
[1/3] 技术 enrichment（日K + 技术指标 + 同花顺资金流）...
      构建行业映射...
      计算技术指标与资金流（共 5342 只）...
        技术 enrichment 进度 267/5342
        技术 enrichment 进度 534/5342
        技术 enrichment 进度 801/5342
        技术 enrichment 进度 1068/5342
        技术 enrichment 进度 1335/5342
        技术 enrichment 进度 1602/5342
        技术 enrichment 进度 1869/5342
        技术 enrichment 进度 2136/5342
        技术 enrichment 进度 2403/5342
        技术 enrichment 进度 2670/5342
        技术 enrichment 进度 2937/5342
        技术 enrichment 进度 3204/5342
        技术 enrichment 进度 3471/5342
        技术 enrichment 进度 3738/5342
        技术 enrichment 进度 4005/5342
        技术 enrichment 进度 4272/5342
        技术 enrichment 进度 4539/5342
        技术 enrichment 进度 4806/5342
        技术 enrichment 进度 5073/5342
        技术 enrichment 进度 5340/5342
        技术 enrichment 进度 5342/5342
      耗时 565.6s
[1/3] 筛选步骤 3-4（趋势 + 资金持续性）...
      步骤3 趋势结构过滤: 5342 → 1658
      步骤4 资金持续性过滤: 已禁用，保留 1658 只
      耗时 0.0s
      步骤 3-4 后剩余 1658 只股票
[1/3] 财务 enrichment（估值 + 财务，仅幸存者）...
      计算估值与财务（共 1658 只）...
        财务 enrichment 进度 82/1658
        财务 enrichment 进度 164/1658
        财务 enrichment 进度 246/1658
        财务 enrichment 进度 328/1658
        财务 enrichment 进度 410/1658
        财务 enrichment 进度 492/1658
        财务 enrichment 进度 574/1658
        财务 enrichment 进度 656/1658
        财务 enrichment 进度 738/1658
        财务 enrichment 进度 820/1658
        财务 enrichment 进度 902/1658
        财务 enrichment 进度 984/1658
        财务 enrichment 进度 1066/1658
        财务 enrichment 进度 1148/1658
        财务 enrichment 进度 1230/1658
        财务 enrichment 进度 1312/1658
        财务 enrichment 进度 1394/1658
        财务 enrichment 进度 1476/1658
        财务 enrichment 进度 1558/1658
        财务 enrichment 进度 1640/1658
        财务 enrichment 进度 1658/1658
      耗时 121.2s
[1/3] 筛选步骤 5（估值财务）...
      步骤5 估值财务过滤: 1658 → 990
      步骤6 市场环境: 不参与筛选（流程末尾输出告警）
      耗时 0.0s
      最终股票池 990 只股票
[1/3] 附加北向个股 northbound_flow（与行业强度并行）...
        [警告] 行业汇总 获取失败: 'NoneType' object has no attribute 'text'
      北向个股 northbound_flow: 成功 646，跳过 344 （非沪股通或暂无数据）
      北向+行业并行耗时 70.2s

[2/3] 市场环境指标已输出: D:\BigACode\BugASelect\BigASelect\output\market_context_20260626.csv

[3/3] 行业强度已输出: D:\BigACode\BugASelect\BigASelect\output\sector_strength_20260626.csv（共 0 个行业）

[1/3] 多因子打分（Value/Growth/Capital/Sector）...
      市场档位: neutral，总分区间 [21.81, 57.20]，耗时 0.1s
      已输出: D:\BigACode\BugASelect\BigASelect\output\stock_pool_20260626.csv
      股票池 990 只（批跑精简日志）


      [市场环境告警] 当前大盘环境偏离建议区间：index_ma60_position=-1.0934（建议>=0）
        （步骤6 已改为仅告警，不影响股票池数量）
==================================================
完成！总耗时 769.7s，请检查 output/ 目录。
==================================================
