[运行日志] run_id=20260630_000335
[运行日志] 日志文件: D:\BigACode\BugASelect\BigASelect\output\logs\run_20260630_000335.log
==================================================
BigASelect - A股股票筛选程序
==================================================
运行模式: 正式模式（全市场）
行情模式: last_close
交易日: 20260204
目标股票池数量: 1000
筛选规则已启用: True

[1/3] 获取 A 股股票列表...
      共获取 5527 只股票
      耗时 15.6s
[1/3] 轻量指标 enrichment（风险标识 + 流动性字段）...
      获取最新收盘行情（数据截止 20260204，筛选步骤 1-2）...
        腾讯批量行情 5527/5527 只
      耗时 2.3s
[1/3] 筛选步骤 1-2（风险剔除 + 流动性）...
      步骤1 风险剔除: 5527 → 5305
      步骤2 流动性过滤: 5305 → 5305
      耗时 0.0s
      步骤 1-2 后剩余 5305 只股票
      预拉资金流（统一数据源: 同花顺）...
      资金流预拉耗时 30.0s
[1/3] 技术 enrichment（日K + 技术指标 + 同花顺资金流）...
      构建行业映射...
      计算技术指标与资金流（共 5305 只）...
        技术 enrichment 进度 265/5305
        技术 enrichment 进度 530/5305
        技术 enrichment 进度 795/5305
        技术 enrichment 进度 1060/5305
        技术 enrichment 进度 1325/5305
        技术 enrichment 进度 1590/5305
        技术 enrichment 进度 1855/5305
        技术 enrichment 进度 2120/5305
        技术 enrichment 进度 2385/5305
        技术 enrichment 进度 2650/5305
        技术 enrichment 进度 2915/5305
        技术 enrichment 进度 3180/5305
        技术 enrichment 进度 3445/5305
        技术 enrichment 进度 3710/5305
        技术 enrichment 进度 3975/5305
        技术 enrichment 进度 4240/5305
        技术 enrichment 进度 4505/5305
        技术 enrichment 进度 4770/5305
        技术 enrichment 进度 5035/5305
        技术 enrichment 进度 5300/5305
        技术 enrichment 进度 5305/5305
      耗时 584.5s
[1/3] 筛选步骤 3-4（趋势 + 资金持续性）...
      步骤3 趋势结构过滤: 5305 → 2685
      步骤4 资金持续性过滤: 已禁用，保留 2685 只
      耗时 0.0s
      步骤 3-4 后剩余 2685 只股票
[1/3] 财务 enrichment（估值 + 财务，仅幸存者）...
      计算估值与财务（共 2685 只）...
        财务 enrichment 进度 134/2685
        财务 enrichment 进度 268/2685
        财务 enrichment 进度 402/2685
        财务 enrichment 进度 536/2685
        财务 enrichment 进度 670/2685
        财务 enrichment 进度 804/2685
        财务 enrichment 进度 938/2685
        财务 enrichment 进度 1072/2685
        财务 enrichment 进度 1206/2685
        财务 enrichment 进度 1340/2685
        财务 enrichment 进度 1474/2685
        财务 enrichment 进度 1608/2685
        财务 enrichment 进度 1742/2685
        财务 enrichment 进度 1876/2685
        财务 enrichment 进度 2010/2685
        财务 enrichment 进度 2144/2685
        财务 enrichment 进度 2278/2685
        财务 enrichment 进度 2412/2685
        财务 enrichment 进度 2546/2685
        财务 enrichment 进度 2680/2685
        财务 enrichment 进度 2685/2685
      耗时 569.0s
[1/3] 筛选步骤 5（估值财务）...
      步骤5 估值财务过滤: 2685 → 1672
      步骤6 市场环境: 不参与筛选（流程末尾输出告警）
      耗时 0.0s
      最终股票池 1000 只股票
[1/3] 附加北向个股 northbound_flow（与行业强度并行）...
        [警告] 行业汇总 获取失败: 'NoneType' object has no attribute 'text'
      北向个股 northbound_flow: 成功 788，跳过 212 （非沪股通或暂无数据）
      北向+行业并行耗时 83.0s

[2/3] 市场环境指标已输出: D:\BigACode\BugASelect\BigASelect\output\market_context_20260204.csv

[3/3] 行业强度已输出: D:\BigACode\BugASelect\BigASelect\output\sector_strength_20260204.csv（共 0 个行业）

[1/3] 多因子打分（Value/Growth/Capital/Sector）...
      市场档位: neutral，总分区间 [17.89, 70.50]，耗时 0.1s
      已输出: D:\BigACode\BugASelect\BigASelect\output\stock_pool_20260204.csv
      股票池 1000 只（批跑精简日志）


      [市场环境] 市场环境正常：market_risk_index=50.00，index_ma60_position=2.8088
==================================================
完成！总耗时 1284.9s，请检查 output/ 目录。
==================================================
