[运行日志] run_id=20260625_210346
[运行日志] 日志文件: D:\ProjDemo\BigASelect\output\logs\run_20260625_210346.log
==================================================
BigASelect - A股股票筛选程序
==================================================
运行模式: 正式模式（全市场）
行情模式: last_close
交易日: 20260625
目标股票池数量: 1000
筛选规则已启用: True

[1/3] 获取 A 股股票列表...
      共获取 5529 只股票
      耗时 14.4s
[1/3] 轻量指标 enrichment（风险标识 + 流动性字段）...
      获取最新收盘行情（数据截止 20260625，筛选步骤 1-2）...
        腾讯批量行情 5529/5529 只
      耗时 3.1s
[1/3] 筛选步骤 1-2（风险剔除 + 流动性）...
      步骤1 风险剔除: 5529 → 5293
      步骤2 流动性过滤: 5293 → 4803
      耗时 0.0s
      步骤 1-2 后剩余 4803 只股票
      预拉资金流（统一数据源: 同花顺）...
      资金流预拉耗时 28.8s
[1/3] 技术 enrichment（日K + 技术指标 + 同花顺资金流）...
      构建行业映射...
      计算技术指标与资金流（共 4803 只）...
        技术 enrichment 进度 240/4803
        技术 enrichment 进度 480/4803
        技术 enrichment 进度 720/4803
        技术 enrichment 进度 960/4803
        技术 enrichment 进度 1200/4803
        技术 enrichment 进度 1440/4803
        技术 enrichment 进度 1680/4803
        技术 enrichment 进度 1920/4803
        技术 enrichment 进度 2160/4803
        技术 enrichment 进度 2400/4803
        技术 enrichment 进度 2640/4803
        技术 enrichment 进度 2880/4803
        技术 enrichment 进度 3120/4803
        技术 enrichment 进度 3360/4803
        技术 enrichment 进度 3600/4803
        技术 enrichment 进度 3840/4803
        技术 enrichment 进度 4080/4803
        技术 enrichment 进度 4320/4803
        技术 enrichment 进度 4560/4803
        技术 enrichment 进度 4800/4803
        技术 enrichment 进度 4803/4803
      耗时 1041.2s
[1/3] 筛选步骤 3-4（趋势 + 资金持续性）...
      步骤3 趋势结构过滤: 4803 → 1630
      步骤4 资金持续性过滤: 已禁用，保留 1630 只
      耗时 0.0s
      步骤 3-4 后剩余 1630 只股票
[1/3] 财务 enrichment（估值 + 财务，仅幸存者）...
      计算估值与财务（共 1630 只）...
