[运行日志] run_id=20260624_224521
[运行日志] 日志文件: D:\BigACode\BugASelect\BigASelect\output\logs\run_20260624_224521.log
==================================================
BigASelect - A股股票筛选程序
==================================================
运行模式: 正式模式（全市场）
行情模式: last_close
交易日: 20260623
目标股票池数量: 1000
筛选规则已启用: True

[1/3] 获取 A 股股票列表...
      共获取 5529 只股票
      耗时 0.3s
[1/3] 轻量指标 enrichment（风险标识 + 流动性字段）...
      获取最新收盘行情（数据截止 20260623，筛选步骤 1-2）...
        腾讯批量行情 5529/5529 只
      耗时 2.4s
[1/3] 筛选步骤 1-2（风险剔除 + 流动性）...
      步骤1 风险剔除: 5529 → 5300
      步骤2 流动性过滤: 5300 → 5300
      耗时 0.0s
      步骤 1-2 后剩余 5300 只股票
      预拉资金流（统一数据源: 同花顺）...
        [警告] 同花顺个股5日排行 获取失败: 'NoneType' object has no attribute 'text'
        [警告] 同花顺个股10日排行 获取失败: 'NoneType' object has no attribute 'text'
        [警告] 同花顺个股3日排行 获取失败: 'NoneType' object has no attribute 'text'
        [警告] 同花顺个股即时 获取失败: 'NoneType' object has no attribute 'text'
