[运行日志] run_id=20260618_092617
[运行日志] 日志文件: D:\ProjDemo\BigASelect\output\logs\run_20260618_092617.log
==================================================
BigASelect - A股股票筛选程序
==================================================
运行模式: 测试模式
行情模式: last_close
交易日: 20260617
目标股票池数量: 1000
筛选规则已启用: True
测试样本: 5 只

[1/3] [测试模式] 使用指定样本 5 只
        600519.SH 贵州茅台
        000001.SZ 平安银行
        300750.SZ 宁德时代
        688981.SH 中芯国际
        832982.BJ 锦波生物
      耗时 0.0s
[1/3] 轻量指标 enrichment（风险标识 + 流动性字段）...
      获取最新收盘行情（数据截止 20260617，筛选步骤 1-2）...
        腾讯批量行情 5/5 只
      耗时 0.2s
[1/3] 筛选步骤 1-2（风险剔除 + 流动性）...
      步骤1 风险剔除: 5 → 5
      步骤2 流动性过滤: 5 → 5
      耗时 0.0s
      步骤 1-2 后剩余 5 只股票
      预拉资金流（统一数据源: 同花顺）...
      资金流预拉耗时 70.6s
[1/3] 技术 enrichment（日K + 技术指标 + 同花顺资金流）...
      构建行业映射...
      计算技术指标与资金流（共 5 只）...
        技术 enrichment 进度 5/5
      耗时 19.8s
[1/3] 筛选步骤 3-4（趋势 + 资金持续性）...
      步骤3 趋势结构过滤: 5 → 1
      步骤4 资金持续性过滤: 1 → 1
      耗时 0.0s
      步骤 3-4 后剩余 1 只股票
[1/3] 财务 enrichment（估值 + 财务，仅幸存者）...
      计算估值与财务（共 1 只）...
        财务 enrichment 进度 1/1
      耗时 21.7s
[1/3] 筛选步骤 5-6（估值财务 + 市场环境）...
      步骤5 估值财务过滤: 1 → 1
      步骤6 市场环境过滤: 1 → 1
      耗时 0.0s
      最终股票池 1 只股票
[1/3] 附加北向个股 northbound_flow（仅最终股票池）...
      北向个股 northbound_flow: 成功 1，跳过 0 （非沪股通或暂无数据）
      耗时 5.0s
      已输出: D:\ProjDemo\BigASelect\output\stock_pool.csv

      --- 股票池字段填充报告 ---
      300750.SZ: 45/45 字段有效

      汇总: 1/1 只股票字段全部有效；缺失最多的字段: 无

[2/3] 市场环境指标已输出: D:\ProjDemo\BigASelect\output\market_context.csv

[3/3] 获取行业强度数据...
      [测试模式] 仅计算 1 个相关行业
      计算行业指数指标（共 1 个行业）...
      计算领涨股20日收益（共 1 个行业）...
      共计算 1 个行业，耗时 2.4s
      已输出: D:\ProjDemo\BigASelect\output\sector_strength.csv

==================================================
完成！总耗时 119.8s，请检查 output/ 目录。
==================================================
[运行日志] 报告已保存: D:\ProjDemo\BigASelect\output\logs\run_20260618_092617_report.json
