[运行日志] run_id=20260702_153339
[运行日志] 日志文件: D:\ProjDemo\BigASelect\output\logs\run_20260702_153339.log
==================================================
BigASelect - A股股票筛选程序
==================================================
运行模式: 正式模式（全市场）
行情模式: last_close
交易日: 20260702
目标股票池数量: 1000
筛选规则已启用: True

[1/3] 获取 A 股股票列表...
      共获取 5530 只股票
      耗时 15.1s
[1/3] 轻量指标 enrichment（风险标识 + 流动性字段）...
      获取最新收盘行情（数据截止 20260702，筛选步骤 1-2）...
        腾讯批量行情 5530/5530 只
      耗时 3.5s
[1/3] 筛选步骤 1-2（风险剔除 + 流动性）...
      步骤1 风险剔除: 5530 → 5304
      步骤2 流动性过滤: 5304 → 4879
      耗时 0.0s
      步骤 1-2 后剩余 4879 只股票
      预拉资金流（统一数据源: 同花顺）...
      资金流预拉耗时 19.1s
[1/3] 技术 enrichment（日K + 技术指标 + 同花顺资金流）...
      构建行业映射...
      计算技术指标与资金流（共 4879 只）...
        技术 enrichment 进度 243/4879
        技术 enrichment 进度 486/4879
        技术 enrichment 进度 729/4879
        技术 enrichment 进度 972/4879
        技术 enrichment 进度 1215/4879
        技术 enrichment 进度 1458/4879
        技术 enrichment 进度 1701/4879
        技术 enrichment 进度 1944/4879
        技术 enrichment 进度 2187/4879
        技术 enrichment 进度 2430/4879
        技术 enrichment 进度 2673/4879
        技术 enrichment 进度 2916/4879
        技术 enrichment 进度 3159/4879
        技术 enrichment 进度 3402/4879
        技术 enrichment 进度 3645/4879
        技术 enrichment 进度 3888/4879
        技术 enrichment 进度 4131/4879
        技术 enrichment 进度 4374/4879
        技术 enrichment 进度 4617/4879
        技术 enrichment 进度 4860/4879
        技术 enrichment 进度 4879/4879
      耗时 1888.8s
[1/3] 筛选步骤 3-4（趋势 + 资金持续性）...
      步骤3 趋势结构过滤: 4879 → 1615
      步骤4 资金持续性过滤: 已禁用，保留 1615 只
      耗时 0.0s
      步骤 3-4 后剩余 1615 只股票
[1/3] 财务 enrichment（估值 + 财务，仅幸存者）...
      计算估值与财务（共 1615 只）...
        财务 enrichment 进度 80/1615
        财务 enrichment 进度 160/1615
        财务 enrichment 进度 240/1615
        财务 enrichment 进度 320/1615
        财务 enrichment 进度 400/1615
        财务 enrichment 进度 480/1615
        财务 enrichment 进度 560/1615
        财务 enrichment 进度 640/1615
        财务 enrichment 进度 720/1615
        财务 enrichment 进度 800/1615
        财务 enrichment 进度 880/1615
        财务 enrichment 进度 960/1615
        财务 enrichment 进度 1040/1615
        财务 enrichment 进度 1120/1615
        财务 enrichment 进度 1200/1615
        财务 enrichment 进度 1280/1615
        财务 enrichment 进度 1360/1615
        财务 enrichment 进度 1440/1615
        财务 enrichment 进度 1520/1615
        财务 enrichment 进度 1600/1615
        财务 enrichment 进度 1615/1615
      耗时 761.2s
[1/3] 筛选步骤 5（估值财务）...
      步骤5 估值财务过滤: 1615 → 909
      步骤6 市场环境: 不参与筛选（流程末尾输出告警）
      耗时 0.0s
      最终股票池 909 只股票
[1/3] 附加北向个股 northbound_flow（与行业强度并行）...
      计算行业指数指标与领涨股20日收益（共 90 个行业，并发 8）...
        [警告] 领涨股三协电机 获取失败: ('Connection aborted.', RemoteDisconnected('Remote end closed connection without response'))
        [警告] 领涨股易实精密 获取失败: ('Connection aborted.', RemoteDisconnected('Remote end closed connection without response'))
        [警告] 领涨股华洋赛车 获取失败: ('Connection aborted.', RemoteDisconnected('Remote end closed connection without response'))
        [警告] 领涨股吉和昌 获取失败: ('Connection aborted.', RemoteDisconnected('Remote end closed connection without response'))
        [警告] 领涨股宁新新材 获取失败: ('Connection aborted.', RemoteDisconnected('Remote end closed connection without response'))
        [警告] 领涨股*ST同辉 获取失败: ('Connection aborted.', RemoteDisconnected('Remote end closed connection without response'))
        [警告] 领涨股三协电机 获取失败: ('Connection aborted.', RemoteDisconnected('Remote end closed connection without response'))
        [警告] 领涨股易实精密 获取失败: ('Connection aborted.', RemoteDisconnected('Remote end closed connection without response'))
        [警告] 领涨股华洋赛车 获取失败: ('Connection aborted.', RemoteDisconnected('Remote end closed connection without response'))
        [警告] 领涨股吉和昌 获取失败: ('Connection aborted.', RemoteDisconnected('Remote end closed connection without response'))
        [警告] 领涨股宁新新材 获取失败: ('Connection aborted.', RemoteDisconnected('Remote end closed connection without response'))
        [警告] 领涨股*ST同辉 获取失败: ('Connection aborted.', RemoteDisconnected('Remote end closed connection without response'))
      北向个股 northbound_flow: 成功 586，跳过 323 （非沪股通或暂无数据）
      北向+行业并行耗时 427.0s

[2/3] 市场环境指标已输出: D:\ProjDemo\BigASelect\output\market_context_20260702.csv

[3/3] 行业强度已输出: D:\ProjDemo\BigASelect\output\sector_strength_20260702.csv（共 90 个行业）

[1/3] 多因子打分（Value/Growth/Capital/Sector）...
      市场档位: neutral，总分区间 [2.07, 72.73]，耗时 0.1s
      总分 Top5:
        300042.SZ 朗科科技 final=72.73
        300223.SZ 北京君正 final=72.48
        300613.SZ 富瀚微 final=71.81
        688378.SH 奥来德 final=69.44
        300975.SZ 商络电子 final=68.51
      已输出: D:\ProjDemo\BigASelect\output\stock_pool_20260702.csv

      --- 股票池字段填充报告 ---
      300042.SZ: 55/55 字段有效
      300223.SZ: 55/55 字段有效
      300613.SZ: 55/55 字段有效
      688378.SH: 55/55 字段有效
      300975.SZ: 55/55 字段有效
      300861.SZ: 55/55 字段有效
      603127.SH: 55/55 字段有效
      688209.SH: 55/55 字段有效
      301297.SZ: 55/55 字段有效
      688059.SH: 55/55 字段有效
      688372.SH: 55/55 字段有效
      688536.SH: 55/55 字段有效
      301500.SZ: 55/55 字段有效
      688689.SH: 54/55 字段有效  缺失: northbound_flow
      688127.SH: 55/55 字段有效
      300592.SZ: 55/55 字段有效
      002297.SZ: 55/55 字段有效
      600601.SH: 55/55 字段有效
      688401.SH: 55/55 字段有效
      301099.SZ: 55/55 字段有效
      ... 其余 889 只详见日志报告 stock_pool_field_stats

      汇总: 582/909 只股票字段全部有效；缺失最多的字段: northbound_flow(323), ma250(47), ma120(40), main_net_inflow_1d(33), main_net_inflow_3d(31)


      [市场环境] 市场环境正常：market_risk_index=58.00，index_ma60_position=0.7852
==================================================
完成！总耗时 3115.2s，请检查 output/ 目录。
==================================================
[归档] 20260702 → D:\ProjDemo\BigASelect\output\archive，stock_pool_20260702.csv，909 只
[运行日志] 报告已保存: D:\ProjDemo\BigASelect\output\logs\run_20260702_153339_report.json
