[运行日志] run_id=20260624_185340
[运行日志] 日志文件: D:\BigACode\BugASelect\BigASelect\output\logs\run_20260624_185340.log
==================================================
BigASelect - A股股票筛选程序
==================================================
运行模式: 正式模式（全市场）
行情模式: last_close
交易日: 20260529
目标股票池数量: 1000
筛选规则已启用: True

[1/3] 获取 A 股股票列表...
      共获取 5529 只股票
      耗时 0.3s
[1/3] 轻量指标 enrichment（风险标识 + 流动性字段）...
      获取最新收盘行情（数据截止 20260529，筛选步骤 1-2）...
        腾讯批量行情 5529/5529 只
      耗时 2.3s
[1/3] 筛选步骤 1-2（风险剔除 + 流动性）...
      步骤1 风险剔除: 5529 → 5300
      步骤2 流动性过滤: 5300 → 5300
      耗时 0.0s
      步骤 1-2 后剩余 5300 只股票
      预拉资金流（统一数据源: 同花顺）...
      资金流预拉耗时 26.3s
[1/3] 技术 enrichment（日K + 技术指标 + 同花顺资金流）...
      构建行业映射...
      计算技术指标与资金流（共 5300 只）...
        技术 enrichment 进度 265/5300
        技术 enrichment 进度 530/5300
        技术 enrichment 进度 795/5300
        技术 enrichment 进度 1060/5300
        技术 enrichment 进度 1325/5300
        技术 enrichment 进度 1590/5300
        技术 enrichment 进度 1855/5300
        技术 enrichment 进度 2120/5300
        技术 enrichment 进度 2385/5300
        技术 enrichment 进度 2650/5300
        技术 enrichment 进度 2915/5300
        技术 enrichment 进度 3180/5300
        技术 enrichment 进度 3445/5300
        技术 enrichment 进度 3710/5300
        技术 enrichment 进度 3975/5300
        技术 enrichment 进度 4240/5300
        技术 enrichment 进度 4505/5300
        技术 enrichment 进度 4770/5300
        技术 enrichment 进度 5035/5300
        技术 enrichment 进度 5300/5300
      耗时 593.7s
[1/3] 筛选步骤 3-4（趋势 + 资金持续性）...
      步骤3 趋势结构过滤: 5300 → 2200
      步骤4 资金持续性过滤: 已禁用，保留 2200 只
      耗时 0.0s
      步骤 3-4 后剩余 2200 只股票
[1/3] 财务 enrichment（估值 + 财务，仅幸存者）...
      计算估值与财务（共 2200 只）...
        财务 enrichment 进度 110/2200
        财务 enrichment 进度 220/2200
        财务 enrichment 进度 330/2200
        财务 enrichment 进度 440/2200
        财务 enrichment 进度 550/2200
        财务 enrichment 进度 660/2200
        财务 enrichment 进度 770/2200
        财务 enrichment 进度 880/2200
        财务 enrichment 进度 990/2200
        财务 enrichment 进度 1100/2200
        财务 enrichment 进度 1210/2200
        财务 enrichment 进度 1320/2200
        财务 enrichment 进度 1430/2200
        财务 enrichment 进度 1540/2200
        财务 enrichment 进度 1650/2200
        财务 enrichment 进度 1760/2200
        财务 enrichment 进度 1870/2200
        财务 enrichment 进度 1980/2200
        财务 enrichment 进度 2090/2200
        财务 enrichment 进度 2200/2200
      耗时 174.1s
[1/3] 筛选步骤 5（估值财务）...
      步骤5 估值财务过滤: 2200 → 1373
      步骤6 市场环境: 不参与筛选（流程末尾输出告警）
      耗时 0.0s
      最终股票池 1000 只股票
[1/3] 附加北向个股 northbound_flow（与行业强度并行）...
      计算行业指数指标与领涨股20日收益（共 90 个行业，并发 8）...
        [警告] 领涨股海达尔 获取失败: ('Connection aborted.', RemoteDisconnected('Remote end closed connection without response'))
        [警告] 领涨股民士达 获取失败: ('Connection aborted.', RemoteDisconnected('Remote end closed connection without response'))        [警告] 领涨股倍益康 获取失败: ('Connection aborted.', RemoteDisconnected('Remote end closed connection without response'))

        [警告] 领涨股戈碧迦 获取失败: ('Connection aborted.', RemoteDisconnected('Remote end closed connection without response'))
        [警告] 领涨股润农节水 获取失败: ('Connection aborted.', RemoteDisconnected('Remote end closed connection without response'))
        [警告] 领涨股戈碧迦 获取失败: ('Connection aborted.', RemoteDisconnected('Remote end closed connection without response'))
        [警告] 领涨股倍益康 获取失败: ('Connection aborted.', RemoteDisconnected('Remote end closed connection without response'))
        [警告] 领涨股民士达 获取失败: ('Connection aborted.', RemoteDisconnected('Remote end closed connection without response'))
        [警告] 领涨股润农节水 获取失败: ('Connection aborted.', RemoteDisconnected('Remote end closed connection without response'))
        [警告] 领涨股海达尔 获取失败: ('Connection aborted.', RemoteDisconnected('Remote end closed connection without response'))
      北向个股 northbound_flow: 成功 733，跳过 267 （非沪股通或暂无数据）
      北向+行业并行耗时 86.5s

[2/3] 市场环境指标已输出: D:\BigACode\BugASelect\BigASelect\output\market_context_20260529.csv

[3/3] 行业强度已输出: D:\BigACode\BugASelect\BigASelect\output\sector_strength_20260529.csv（共 90 个行业）

[1/3] 多因子打分（Value/Growth/Capital/Sector）...
      市场档位: neutral，总分区间 [6.23, 49.60]，耗时 0.2s
      已输出: D:\BigACode\BugASelect\BigASelect\output\stock_pool_20260529.csv
      股票池 1000 只（批跑精简日志）


      [市场环境] 市场环境正常：market_risk_index=50.00，index_ma60_position=0.1636
==================================================
完成！总耗时 883.5s，请检查 output/ 目录。
==================================================
