[运行日志] run_id=20260624_102746
[运行日志] 日志文件: D:\BigACode\BugASelect\BigASelect\output\logs\run_20260624_102746.log
==================================================
BigASelect - A股股票筛选程序
==================================================
运行模式: 正式模式（全市场）
行情模式: last_close
交易日: 20260529
目标股票池数量: 1000
筛选规则已启用: True

[1/3] 获取 A 股股票列表...
      共获取 5529 只股票
      耗时 0.3s
[1/3] 轻量指标 enrichment（风险标识 + 流动性字段）...
      获取最新收盘行情（数据截止 20260529，筛选步骤 1-2）...
        腾讯批量行情 5529/5529 只
      耗时 2.1s
[1/3] 筛选步骤 1-2（风险剔除 + 流动性）...
      步骤1 风险剔除: 5529 → 5300
      步骤2 流动性过滤: 5300 → 5300
      耗时 0.0s
      步骤 1-2 后剩余 5300 只股票
      预拉资金流（统一数据源: 同花顺）...
        [警告] 同花顺个股3日排行 获取失败: 'NoneType' object has no attribute 'text'
        [警告] 同花顺个股10日排行 获取失败: 'NoneType' object has no attribute 'text'
        [警告] 同花顺个股5日排行 获取失败: 'NoneType' object has no attribute 'text'
        [警告] 同花顺个股即时 获取失败: 'NoneType' object has no attribute 'text'
        [警告] 同花顺行业即时 获取失败: 'NoneType' object has no attribute 'text'
        [警告] 同花顺行业10日排行 获取失败: 'NoneType' object has no attribute 'text'
        [警告] 同花顺行业5日排行 获取失败: 'NoneType' object has no attribute 'text'
        [警告] 同花顺行业3日排行 获取失败: 'NoneType' object has no attribute 'text'
      资金流预拉耗时 9.5s
[1/3] 技术 enrichment（日K + 技术指标 + 同花顺资金流）...
      构建行业映射...
      计算技术指标与资金流（共 5300 只）...
        技术 enrichment 进度 265/5300
        技术 enrichment 进度 530/5300
        技术 enrichment 进度 795/5300
        技术 enrichment 进度 1060/5300
        技术 enrichment 进度 1325/5300
        技术 enrichment 进度 1590/5300
        技术 enrichment 进度 1855/5300
        技术 enrichment 进度 2120/5300
        技术 enrichment 进度 2385/5300
        技术 enrichment 进度 2650/5300
        技术 enrichment 进度 2915/5300
        技术 enrichment 进度 3180/5300
        技术 enrichment 进度 3445/5300
        技术 enrichment 进度 3710/5300
        技术 enrichment 进度 3975/5300
        技术 enrichment 进度 4240/5300
        技术 enrichment 进度 4505/5300
        技术 enrichment 进度 4770/5300
        技术 enrichment 进度 5035/5300
        技术 enrichment 进度 5300/5300
      耗时 561.2s
[1/3] 筛选步骤 3-4（趋势 + 资金持续性）...
      步骤3 趋势结构过滤: 5300 → 2200
      步骤4 资金持续性过滤: 已禁用，保留 2200 只
      耗时 0.0s
      步骤 3-4 后剩余 2200 只股票
[1/3] 财务 enrichment（估值 + 财务，仅幸存者）...
      计算估值与财务（共 2200 只）...
        财务 enrichment 进度 110/2200
        财务 enrichment 进度 220/2200
        财务 enrichment 进度 330/2200
        财务 enrichment 进度 440/2200
        财务 enrichment 进度 550/2200
        财务 enrichment 进度 660/2200
