[运行日志] run_id=20260626_092148
[运行日志] 日志文件: D:\BigACode\BugASelect\BigASelect\output\logs\run_20260626_092148.log
==================================================
BigASelect - A股股票筛选程序
==================================================
运行模式: 正式模式（全市场）
行情模式: last_close
交易日: 20260123
目标股票池数量: 1000
筛选规则已启用: True

[1/3] 获取 A 股股票列表...
      共获取 5529 只股票
      耗时 0.3s
[1/3] 轻量指标 enrichment（风险标识 + 流动性字段）...
      获取最新收盘行情（数据截止 20260123，筛选步骤 1-2）...
        腾讯批量行情 5529/5529 只
      耗时 2.2s
[1/3] 筛选步骤 1-2（风险剔除 + 流动性）...
      步骤1 风险剔除: 5529 → 5300
      步骤2 流动性过滤: 5300 → 5300
      耗时 0.0s
      步骤 1-2 后剩余 5300 只股票
      预拉资金流（统一数据源: 同花顺）...
        [警告] 同花顺个股即时 获取失败: 'NoneType' object has no attribute 'text'
        [警告] 同花顺个股3日排行 获取失败: 'NoneType' object has no attribute 'text'
        [警告] 同花顺个股5日排行 获取失败: 'NoneType' object has no attribute 'text'
        [警告] 同花顺个股10日排行 获取失败: 'NoneType' object has no attribute 'text'
        [警告] 同花顺行业即时 获取失败: 'NoneType' object has no attribute 'text'
        [警告] 同花顺行业3日排行 获取失败: 'NoneType' object has no attribute 'text'
        [警告] 同花顺行业5日排行 获取失败: 'NoneType' object has no attribute 'text'
        [警告] 同花顺行业10日排行 获取失败: 'NoneType' object has no attribute 'text'
      资金流预拉耗时 10.0s
[1/3] 技术 enrichment（日K + 技术指标 + 同花顺资金流）...
      构建行业映射...
      计算技术指标与资金流（共 5300 只）...
        技术 enrichment 进度 265/5300
        技术 enrichment 进度 530/5300
        技术 enrichment 进度 795/5300
        技术 enrichment 进度 1060/5300
        技术 enrichment 进度 1325/5300
        技术 enrichment 进度 1590/5300
        技术 enrichment 进度 1855/5300
        技术 enrichment 进度 2120/5300
        技术 enrichment 进度 2385/5300
        技术 enrichment 进度 2650/5300
        技术 enrichment 进度 2915/5300
        技术 enrichment 进度 3180/5300
        技术 enrichment 进度 3445/5300
        技术 enrichment 进度 3710/5300
        技术 enrichment 进度 3975/5300
        技术 enrichment 进度 4240/5300
        技术 enrichment 进度 4505/5300
        技术 enrichment 进度 4770/5300
        技术 enrichment 进度 5035/5300
        技术 enrichment 进度 5300/5300
      耗时 569.6s
[1/3] 筛选步骤 3-4（趋势 + 资金持续性）...
      步骤3 趋势结构过滤: 5300 → 2695
      步骤4 资金持续性过滤: 已禁用，保留 2695 只
      耗时 0.0s
      步骤 3-4 后剩余 2695 只股票
[1/3] 财务 enrichment（估值 + 财务，仅幸存者）...
      计算估值与财务（共 2695 只）...
        财务 enrichment 进度 134/2695
        财务 enrichment 进度 268/2695
        财务 enrichment 进度 402/2695
        财务 enrichment 进度 536/2695
        财务 enrichment 进度 670/2695
        财务 enrichment 进度 804/2695
        财务 enrichment 进度 938/2695
        财务 enrichment 进度 1072/2695
        财务 enrichment 进度 1206/2695
        财务 enrichment 进度 1340/2695
        财务 enrichment 进度 1474/2695
        财务 enrichment 进度 1608/2695
        财务 enrichment 进度 1742/2695
        财务 enrichment 进度 1876/2695
        财务 enrichment 进度 2010/2695
        财务 enrichment 进度 2144/2695
        财务 enrichment 进度 2278/2695
        财务 enrichment 进度 2412/2695
        财务 enrichment 进度 2546/2695
        财务 enrichment 进度 2680/2695
        财务 enrichment 进度 2695/2695
      耗时 209.1s
[1/3] 筛选步骤 5（估值财务）...
      步骤5 估值财务过滤: 2695 → 1772
      步骤6 市场环境: 不参与筛选（流程末尾输出告警）
      耗时 0.0s
      最终股票池 1000 只股票
[1/3] 附加北向个股 northbound_flow（与行业强度并行）...
      计算行业指数指标与领涨股20日收益（共 90 个行业，并发 8）...
        [警告] 领涨股浙商银行 获取失败: ('Connection aborted.', RemoteDisconnected('Remote end closed connection without response'))
        [警告] 领涨股神农集团 获取失败: ('Connection aborted.', RemoteDisconnected('Remote end closed connection without response'))
        [警告] 领涨股三一重能 获取失败: ('Connection aborted.', RemoteDisconnected('Remote end closed connection without response'))
        [警告] 领涨股龙源电力 获取失败: ('Connection aborted.', RemoteDisconnected('Remote end closed connection without response'))
        [警告] 领涨股三孚新科 获取失败: ('Connection aborted.', RemoteDisconnected('Remote end closed connection without response'))
        [警告] 领涨股金刚光伏 获取失败: ('Connection aborted.', RemoteDisconnected('Remote end closed connection without response'))
        [警告] 领涨股中信建投 获取失败: ('Connection aborted.', RemoteDisconnected('Remote end closed connection without response'))
        [警告] 领涨股上海合晶 获取失败: ('Connection aborted.', RemoteDisconnected('Remote end closed connection without response'))
        [警告] 领涨股浙商银行 获取失败: ('Connection aborted.', RemoteDisconnected('Remote end closed connection without response'))
        [警告] 领涨股山西汾酒 获取失败: index 0 is out of bounds for axis 0 with size 0
        [警告] 领涨股山西汾酒 获取失败: index 0 is out of bounds for axis 0 with size 0
        [警告] 领涨股三孚新科 获取失败: index 0 is out of bounds for axis 0 with size 0
        [警告] 领涨股中国人保 获取失败: index 0 is out of bounds for axis 0 with size 0
        [警告] 领涨股彤程新材 获取失败: index 0 is out of bounds for axis 0 with size 0
        [警告] 领涨股中国人保 获取失败: index 0 is out of bounds for axis 0 with size 0
        [警告] 领涨股中信建投 获取失败: index 0 is out of bounds for axis 0 with size 0
        [警告] 领涨股彤程新材 获取失败: index 0 is out of bounds for axis 0 with size 0
        [警告] 领涨股五矿发展 获取失败: index 0 is out of bounds for axis 0 with size 0
        [警告] 领涨股易事特 获取失败: index 0 is out of bounds for axis 0 with size 0
        [警告] 领涨股五矿发展 获取失败: index 0 is out of bounds for axis 0 with size 0
        [警告] 领涨股百润股份 获取失败: index 0 is out of bounds for axis 0 with size 0        [警告] 领涨股新莱应材 获取失败: 未找到领涨股 新莱应材

        [警告] 领涨股惠科股份 获取失败: 未找到领涨股 惠科股份
        [警告] 领涨股山东高速 获取失败: index 0 is out of bounds for axis 0 with size 0        [警告] 领涨股易事特 获取失败: index 0 is out of bounds for axis 0 with size 0        [警告] 领涨股百润股份 获取失败: index 0 is out of bounds for axis 0 with size 0


        [警告] 领涨股碧兴物联 获取失败: index 0 is out of bounds for axis 0 with size 0
        [警告] 领涨股山东高速 获取失败: index 0 is out of bounds for axis 0 with size 0
        [警告] 领涨股碧兴物联 获取失败: index 0 is out of bounds for axis 0 with size 0
        [警告] 领涨股天马科技 获取失败: ('Connection aborted.', RemoteDisconnected('Remote end closed connection without response'))
        [警告] 领涨股新莱应材 获取失败: ('Connection aborted.', RemoteDisconnected('Remote end closed connection without response'))
        [警告] 领涨股惠科股份 获取失败: ('Connection aborted.', RemoteDisconnected('Remote end closed connection without response'))
        [警告] 领涨股康惠股份 获取失败: index 0 is out of bounds for axis 0 with size 0
        [警告] 领涨股康惠股份 获取失败: index 0 is out of bounds for axis 0 with size 0
        [警告] 领涨股阿尔特 获取失败: index 0 is out of bounds for axis 0 with size 0
        [警告] 领涨股博迁新材 获取失败: ('Connection aborted.', RemoteDisconnected('Remote end closed connection without response'))
        [警告] 领涨股阿尔特 获取失败: index 0 is out of bounds for axis 0 with size 0
        [警告] 领涨股盈新发展 获取失败: ('Connection aborted.', RemoteDisconnected('Remote end closed connection without response'))
        [警告] 领涨股*ST开元 获取失败: ('Connection aborted.', RemoteDisconnected('Remote end closed connection without response'))
        [警告] 领涨股白云电器 获取失败: ('Connection aborted.', RemoteDisconnected('Remote end closed connection without response'))
        [警告] 领涨股天马科技 获取失败: ('Connection aborted.', RemoteDisconnected('Remote end closed connection without response'))
        [警告] 领涨股众合科技 获取失败: index 0 is out of bounds for axis 0 with size 0
        [警告] 领涨股众合科技 获取失败: index 0 is out of bounds for axis 0 with size 0
        [警告] 领涨股兴业科技 获取失败: ('Connection aborted.', RemoteDisconnected('Remote end closed connection without response'))
        [警告] 领涨股恒逸石化 获取失败: ('Connection aborted.', RemoteDisconnected('Remote end closed connection without response'))
        [警告] 领涨股交大昂立 获取失败: index 0 is out of bounds for axis 0 with size 0
        [警告] 领涨股交大昂立 获取失败: index 0 is out of bounds for axis 0 with size 0
        [警告] 领涨股江淮汽车 获取失败: index 0 is out of bounds for axis 0 with size 0
        [警告] 领涨股博迁新材 获取失败: ('Connection aborted.', RemoteDisconnected('Remote end closed connection without response'))
        [警告] 领涨股江淮汽车 获取失败: index 0 is out of bounds for axis 0 with size 0
        [警告] 领涨股恒力石化 获取失败: index 0 is out of bounds for axis 0 with size 0
        [警告] 领涨股华电科工 获取失败: ('Connection aborted.', RemoteDisconnected('Remote end closed connection without response'))
        [警告] 领涨股科力股份 获取失败: index 0 is out of bounds for axis 0 with size 0
        [警告] 领涨股恒力石化 获取失败: index 0 is out of bounds for axis 0 with size 0
        [警告] 领涨股科力股份 获取失败: index 0 is out of bounds for axis 0 with size 0
        [警告] 领涨股卓郎智能 获取失败: index 0 is out of bounds for axis 0 with size 0
        [警告] 领涨股卓郎智能 获取失败: index 0 is out of bounds for axis 0 with size 0
        [警告] 领涨股秋乐种业 获取失败: index 0 is out of bounds for axis 0 with size 0
        [警告] 领涨股秋乐种业 获取失败: index 0 is out of bounds for axis 0 with size 0
        [警告] 领涨股*ST皇庭 获取失败: index 0 is out of bounds for axis 0 with size 0
        [警告] 领涨股恒逸石化 获取失败: 未找到领涨股 恒逸石化
        [警告] 领涨股*ST皇庭 获取失败: index 0 is out of bounds for axis 0 with size 0
        [警告] 领涨股星帅尔 获取失败: 未找到领涨股 星帅尔
        [警告] 领涨股西测测试 获取失败: index 0 is out of bounds for axis 0 with size 0
        [警告] 领涨股星帅尔 获取失败: 未找到领涨股 星帅尔
        [警告] 领涨股西测测试 获取失败: index 0 is out of bounds for axis 0 with size 0
        [警告] 领涨股丽江股份 获取失败: index 0 is out of bounds for axis 0 with size 0
        [警告] 领涨股聚石化学 获取失败: index 0 is out of bounds for axis 0 with size 0
        [警告] 领涨股紫金矿业 获取失败: 未找到领涨股 紫金矿业
        [警告] 领涨股丽江股份 获取失败: index 0 is out of bounds for axis 0 with size 0
        [警告] 领涨股聚石化学 获取失败: index 0 is out of bounds for axis 0 with size 0
        [警告] 领涨股世华科技 获取失败: index 0 is out of bounds for axis 0 with size 0
        [警告] 领涨股华电能源 获取失败: index 0 is out of bounds for axis 0 with size 0
        [警告] 领涨股世华科技 获取失败: index 0 is out of bounds for axis 0 with size 0
        [警告] 领涨股紫金矿业 获取失败: 未找到领涨股 紫金矿业
        [警告] 领涨股华电能源 获取失败: index 0 is out of bounds for axis 0 with size 0
        [警告] 领涨股返利科技 获取失败: index 0 is out of bounds for axis 0 with size 0
        [警告] 领涨股康平科技 获取失败: index 0 is out of bounds for axis 0 with size 0
        [警告] 领涨股返利科技 获取失败: index 0 is out of bounds for axis 0 with size 0
        [警告] 领涨股康平科技 获取失败: index 0 is out of bounds for axis 0 with size 0
        [警告] 领涨股新奥股份 获取失败: index 0 is out of bounds for axis 0 with size 0
        [警告] 领涨股新奥股份 获取失败: index 0 is out of bounds for axis 0 with size 0
        [警告] 领涨股北部湾港 获取失败: index 0 is out of bounds for axis 0 with size 0
        [警告] 领涨股立航科技 获取失败: index 0 is out of bounds for axis 0 with size 0
        [警告] 领涨股深圳机场 获取失败: index 0 is out of bounds for axis 0 with size 0
        [警告] 领涨股北部湾港 获取失败: index 0 is out of bounds for axis 0 with size 0
        [警告] 领涨股火炬电子 获取失败: index 0 is out of bounds for axis 0 with size 0
        [警告] 领涨股立航科技 获取失败: index 0 is out of bounds for axis 0 with size 0
        [警告] 领涨股深圳机场 获取失败: index 0 is out of bounds for axis 0 with size 0
        [警告] 领涨股深圳新星 获取失败: index 0 is out of bounds for axis 0 with size 0
        [警告] 领涨股火炬电子 获取失败: index 0 is out of bounds for axis 0 with size 0
        [警告] 领涨股*ST易录 获取失败: index 0 is out of bounds for axis 0 with size 0
        [警告] 领涨股深圳新星 获取失败: index 0 is out of bounds for axis 0 with size 0
        [警告] 领涨股*ST易录 获取失败: index 0 is out of bounds for axis 0 with size 0
        [警告] 领涨股宝通科技 获取失败: index 0 is out of bounds for axis 0 with size 0
        [警告] 领涨股平安电工 获取失败: index 0 is out of bounds for axis 0 with size 0
        [警告] 领涨股奥飞娱乐 获取失败: 未找到领涨股 奥飞娱乐
        [警告] 领涨股宝通科技 获取失败: index 0 is out of bounds for axis 0 with size 0
        [警告] 领涨股平安电工 获取失败: index 0 is out of bounds for axis 0 with size 0
        [警告] 领涨股奥飞娱乐 获取失败: 未找到领涨股 奥飞娱乐
        [警告] 领涨股特力A 获取失败: 未找到领涨股 特力A
        [警告] 领涨股特力A 获取失败: 未找到领涨股 特力A
      北向个股 northbound_flow: 成功 800，跳过 200 （非沪股通或暂无数据）
      北向+行业并行耗时 106.7s

[2/3] 市场环境指标已输出: D:\BigACode\BugASelect\BigASelect\output\market_context_20260123.csv

[3/3] 行业强度已输出: D:\BigACode\BugASelect\BigASelect\output\sector_strength_20260123.csv（共 90 个行业）

[1/3] 多因子打分（Value/Growth/Capital/Sector）...
      市场档位: neutral，总分区间 [25.10, 62.08]，耗时 0.1s
      已输出: D:\BigACode\BugASelect\BigASelect\output\stock_pool_20260123.csv
      股票池 1000 只（批跑精简日志）


      [市场环境] 市场环境正常：market_risk_index=40.00，index_ma60_position=4.1008
==================================================
完成！总耗时 898.3s，请检查 output/ 目录。
==================================================
