[运行日志] run_id=20260626_100646
[运行日志] 日志文件: D:\BigACode\BugASelect\BigASelect\output\logs\run_20260626_100646.log
==================================================
BigASelect - A股股票筛选程序
==================================================
运行模式: 正式模式（全市场）
行情模式: last_close
交易日: 20260128
目标股票池数量: 1000
筛选规则已启用: True

[1/3] 获取 A 股股票列表...
      共获取 5529 只股票
      耗时 0.3s
[1/3] 轻量指标 enrichment（风险标识 + 流动性字段）...
      获取最新收盘行情（数据截止 20260128，筛选步骤 1-2）...
        腾讯批量行情 5529/5529 只
      耗时 2.1s
[1/3] 筛选步骤 1-2（风险剔除 + 流动性）...
      步骤1 风险剔除: 5529 → 5300
      步骤2 流动性过滤: 5300 → 5300
      耗时 0.0s
      步骤 1-2 后剩余 5300 只股票
      预拉资金流（统一数据源: 同花顺）...
        [警告] 同花顺个股10日排行 获取失败: 'NoneType' object has no attribute 'text'
        [警告] 同花顺个股3日排行 获取失败: 'NoneType' object has no attribute 'text'
        [警告] 同花顺个股即时 获取失败: 'NoneType' object has no attribute 'text'
        [警告] 同花顺行业10日排行 获取失败: No tables found
      资金流预拉耗时 9.6s
[1/3] 技术 enrichment（日K + 技术指标 + 同花顺资金流）...
      构建行业映射...
      计算技术指标与资金流（共 5300 只）...
        技术 enrichment 进度 265/5300
        技术 enrichment 进度 530/5300
        技术 enrichment 进度 795/5300
        技术 enrichment 进度 1060/5300
        技术 enrichment 进度 1325/5300
        技术 enrichment 进度 1590/5300
        技术 enrichment 进度 1855/5300
        技术 enrichment 进度 2120/5300
        技术 enrichment 进度 2385/5300
        技术 enrichment 进度 2650/5300
        技术 enrichment 进度 2915/5300
        技术 enrichment 进度 3180/5300
        技术 enrichment 进度 3445/5300
        技术 enrichment 进度 3710/5300
        技术 enrichment 进度 3975/5300
        技术 enrichment 进度 4240/5300
        技术 enrichment 进度 4505/5300
        技术 enrichment 进度 4770/5300
        技术 enrichment 进度 5035/5300
        技术 enrichment 进度 5300/5300
      耗时 570.3s
[1/3] 筛选步骤 3-4（趋势 + 资金持续性）...
      步骤3 趋势结构过滤: 5300 → 2700
      步骤4 资金持续性过滤: 已禁用，保留 2700 只
      耗时 0.0s
      步骤 3-4 后剩余 2700 只股票
[1/3] 财务 enrichment（估值 + 财务，仅幸存者）...
      计算估值与财务（共 2700 只）...
        财务 enrichment 进度 135/2700
        财务 enrichment 进度 270/2700
        财务 enrichment 进度 405/2700
        财务 enrichment 进度 540/2700
        财务 enrichment 进度 675/2700
        财务 enrichment 进度 810/2700
        财务 enrichment 进度 945/2700
        财务 enrichment 进度 1080/2700
        财务 enrichment 进度 1215/2700
        财务 enrichment 进度 1350/2700
        财务 enrichment 进度 1485/2700
        财务 enrichment 进度 1620/2700
        财务 enrichment 进度 1755/2700
        财务 enrichment 进度 1890/2700
        财务 enrichment 进度 2025/2700
        财务 enrichment 进度 2160/2700
        财务 enrichment 进度 2295/2700
        财务 enrichment 进度 2430/2700
        财务 enrichment 进度 2565/2700
        财务 enrichment 进度 2700/2700
      耗时 204.1s
[1/3] 筛选步骤 5（估值财务）...
      步骤5 估值财务过滤: 2700 → 1767
      步骤6 市场环境: 不参与筛选（流程末尾输出告警）
      耗时 0.0s
      最终股票池 1000 只股票
[1/3] 附加北向个股 northbound_flow（与行业强度并行）...
      计算行业指数指标与领涨股20日收益（共 90 个行业，并发 8）...
        [警告] 领涨股九号公司 获取失败: index 0 is out of bounds for axis 0 with size 0        [警告] 领涨股三孚新科 获取失败: index 0 is out of bounds for axis 0 with size 0

        [警告] 领涨股三孚新科 获取失败: index 0 is out of bounds for axis 0 with size 0
        [警告] 领涨股九号公司 获取失败: index 0 is out of bounds for axis 0 with size 0
        [警告] 领涨股苏豪汇鸿 获取失败: index 0 is out of bounds for axis 0 with size 0
        [警告] 领涨股惠科股份 获取失败: 未找到领涨股 惠科股份
        [警告] 领涨股苏豪汇鸿 获取失败: index 0 is out of bounds for axis 0 with size 0
        [警告] 领涨股正帆科技 获取失败: index 0 is out of bounds for axis 0 with size 0
        [警告] 领涨股彤程新材 获取失败: index 0 is out of bounds for axis 0 with size 0
        [警告] 领涨股正帆科技 获取失败: index 0 is out of bounds for axis 0 with size 0
        [警告] 领涨股皖通高速 获取失败: index 0 is out of bounds for axis 0 with size 0
        [警告] 领涨股彤程新材 获取失败: index 0 is out of bounds for axis 0 with size 0
        [警告] 领涨股皖通高速 获取失败: index 0 is out of bounds for axis 0 with size 0
        [警告] 领涨股春秋航空 获取失败: index 0 is out of bounds for axis 0 with size 0        [警告] 领涨股山西汾酒 获取失败: index 0 is out of bounds for axis 0 with size 0

        [警告] 领涨股联检科技 获取失败: index 0 is out of bounds for axis 0 with size 0
        [警告] 领涨股惠科股份 获取失败: 未找到领涨股 惠科股份
        [警告] 领涨股山西汾酒 获取失败: index 0 is out of bounds for axis 0 with size 0        [警告] 领涨股春秋航空 获取失败: index 0 is out of bounds for axis 0 with size 0        [警告] 领涨股联检科技 获取失败: index 0 is out of bounds for axis 0 with size 0


        [警告] 领涨股创元科技 获取失败: index 0 is out of bounds for axis 0 with size 0
        [警告] 领涨股创元科技 获取失败: index 0 is out of bounds for axis 0 with size 0
        [警告] 领涨股天域生物 获取失败: 未找到领涨股 天域生物
        [警告] 领涨股路德科技 获取失败: 未找到领涨股 路德科技
        [警告] 领涨股宏辉果蔬 获取失败: index 0 is out of bounds for axis 0 with size 0
        [警告] 领涨股世华科技 获取失败: index 0 is out of bounds for axis 0 with size 0
        [警告] 领涨股宏辉果蔬 获取失败: index 0 is out of bounds for axis 0 with size 0
        [警告] 领涨股新莱应材 获取失败: 未找到领涨股 新莱应材
        [警告] 领涨股天域生物 获取失败: 未找到领涨股 天域生物
        [警告] 领涨股世华科技 获取失败: index 0 is out of bounds for axis 0 with size 0        [警告] 领涨股众合科技 获取失败: index 0 is out of bounds for axis 0 with size 0

        [警告] 领涨股国投中鲁 获取失败: index 0 is out of bounds for axis 0 with size 0
        [警告] 领涨股众合科技 获取失败: index 0 is out of bounds for axis 0 with size 0
        [警告] 领涨股国投中鲁 获取失败: index 0 is out of bounds for axis 0 with size 0
        [警告] 领涨股兴业股份 获取失败: index 0 is out of bounds for axis 0 with size 0        [警告] 领涨股新莱应材 获取失败: 未找到领涨股 新莱应材

        [警告] 领涨股兴业股份 获取失败: index 0 is out of bounds for axis 0 with size 0
        [警告] 领涨股宁波中百 获取失败: index 0 is out of bounds for axis 0 with size 0
        [警告] 领涨股海立股份 获取失败: 未找到领涨股 海立股份
        [警告] 领涨股宁波中百 获取失败: index 0 is out of bounds for axis 0 with size 0
        [警告] 领涨股富吉瑞 获取失败: index 0 is out of bounds for axis 0 with size 0
        [警告] 领涨股富吉瑞 获取失败: index 0 is out of bounds for axis 0 with size 0
        [警告] 领涨股立航科技 获取失败: index 0 is out of bounds for axis 0 with size 0
        [警告] 领涨股立航科技 获取失败: index 0 is out of bounds for axis 0 with size 0
        [警告] 领涨股路德科技 获取失败: ('Connection aborted.', RemoteDisconnected('Remote end closed connection without response'))
        [警告] 领涨股大连圣亚 获取失败: index 0 is out of bounds for axis 0 with size 0
        [警告] 领涨股大连圣亚 获取失败: index 0 is out of bounds for axis 0 with size 0
        [警告] 领涨股中信建投 获取失败: index 0 is out of bounds for axis 0 with size 0
        [警告] 领涨股中信建投 获取失败: index 0 is out of bounds for axis 0 with size 0
        [警告] 领涨股华电科工 获取失败: ('Connection aborted.', RemoteDisconnected('Remote end closed connection without response'))
        [警告] 领涨股*ST瑞茂 获取失败: ('Connection aborted.', RemoteDisconnected('Remote end closed connection without response'))
        [警告] 领涨股海立股份 获取失败: ('Connection aborted.', RemoteDisconnected('Remote end closed connection without response'))
        [警告] 领涨股返利科技 获取失败: index 0 is out of bounds for axis 0 with size 0
        [警告] 领涨股返利科技 获取失败: index 0 is out of bounds for axis 0 with size 0
        [警告] 领涨股白云电器 获取失败: ('Connection aborted.', RemoteDisconnected('Remote end closed connection without response'))
        [警告] 领涨股天准科技 获取失败: ('Connection aborted.', RemoteDisconnected('Remote end closed connection without response'))
        [警告] 领涨股莱赛激光 获取失败: ('Connection aborted.', RemoteDisconnected('Remote end closed connection without response'))
        [警告] 领涨股祥鑫科技 获取失败: ('Connection aborted.', RemoteDisconnected('Remote end closed connection without response'))        [警告] 领涨股兴发集团 获取失败: ('Connection aborted.', RemoteDisconnected('Remote end closed connection without response'))

        [警告] 领涨股华电科工 获取失败: ('Connection aborted.', RemoteDisconnected('Remote end closed connection without response'))
        [警告] 领涨股汽轮科技 获取失败: index 0 is out of bounds for axis 0 with size 0
        [警告] 领涨股恒力石化 获取失败: index 0 is out of bounds for axis 0 with size 0
        [警告] 领涨股汽轮科技 获取失败: index 0 is out of bounds for axis 0 with size 0
        [警告] 领涨股恒力石化 获取失败: index 0 is out of bounds for axis 0 with size 0
        [警告] 领涨股九丰能源 获取失败: index 0 is out of bounds for axis 0 with size 0
        [警告] 领涨股九丰能源 获取失败: index 0 is out of bounds for axis 0 with size 0
        [警告] 领涨股宇通客车 获取失败: index 0 is out of bounds for axis 0 with size 0
        [警告] 领涨股紫燕食品 获取失败: index 0 is out of bounds for axis 0 with size 0
        [警告] 领涨股宇通客车 获取失败: index 0 is out of bounds for axis 0 with size 0
        [警告] 领涨股紫燕食品 获取失败: index 0 is out of bounds for axis 0 with size 0
        [警告] 领涨股*ST准油 获取失败: index 0 is out of bounds for axis 0 with size 0
        [警告] 领涨股新集能源 获取失败: index 0 is out of bounds for axis 0 with size 0
        [警告] 领涨股*ST准油 获取失败: index 0 is out of bounds for axis 0 with size 0
        [警告] 领涨股新集能源 获取失败: index 0 is out of bounds for axis 0 with size 0
        [警告] 领涨股株冶集团 获取失败: 未找到领涨股 株冶集团
        [警告] 领涨股海通发展 获取失败: index 0 is out of bounds for axis 0 with size 0
        [警告] 领涨股斯瑞新材 获取失败: index 0 is out of bounds for axis 0 with size 0
        [警告] 领涨股海通发展 获取失败: index 0 is out of bounds for axis 0 with size 0
        [警告] 领涨股斯瑞新材 获取失败: index 0 is out of bounds for axis 0 with size 0
        [警告] 领涨股康惠股份 获取失败: index 0 is out of bounds for axis 0 with size 0
        [警告] 领涨股康惠股份 获取失败: index 0 is out of bounds for axis 0 with size 0
        [警告] 领涨股软通动力 获取失败: index 0 is out of bounds for axis 0 with size 0
        [警告] 领涨股软通动力 获取失败: index 0 is out of bounds for axis 0 with size 0
        [警告] 领涨股株冶集团 获取失败: 未找到领涨股 株冶集团
        [警告] 领涨股平安电工 获取失败: index 0 is out of bounds for axis 0 with size 0
        [警告] 领涨股平安电工 获取失败: index 0 is out of bounds for axis 0 with size 0
        [警告] 领涨股完美世界 获取失败: index 0 is out of bounds for axis 0 with size 0
        [警告] 领涨股完美世界 获取失败: index 0 is out of bounds for axis 0 with size 0
        [警告] 领涨股湘电股份 获取失败: index 0 is out of bounds for axis 0 with size 0
        [警告] 领涨股中国人保 获取失败: index 0 is out of bounds for axis 0 with size 0
        [警告] 领涨股湘电股份 获取失败: index 0 is out of bounds for axis 0 with size 0
        [警告] 领涨股中国人保 获取失败: index 0 is out of bounds for axis 0 with size 0
        [警告] 领涨股博迁新材 获取失败: 未找到领涨股 博迁新材
        [警告] 领涨股博迁新材 获取失败: 未找到领涨股 博迁新材
        [警告] 领涨股天新药业 获取失败: 未找到领涨股 天新药业
        [警告] 领涨股天新药业 获取失败: ('Connection aborted.', RemoteDisconnected('Remote end closed connection without response'))
      北向个股 northbound_flow: 成功 808，跳过 192 （非沪股通或暂无数据）
      北向+行业并行耗时 107.7s

[2/3] 市场环境指标已输出: D:\BigACode\BugASelect\BigASelect\output\market_context_20260128.csv

[3/3] 行业强度已输出: D:\BigACode\BugASelect\BigASelect\output\sector_strength_20260128.csv（共 90 个行业）

[1/3] 多因子打分（Value/Growth/Capital/Sector）...
      市场档位: neutral，总分区间 [20.03, 60.64]，耗时 0.1s
      已输出: D:\BigACode\BugASelect\BigASelect\output\stock_pool_20260128.csv
      股票池 1000 只（批跑精简日志）


      [市场环境] 市场环境正常：market_risk_index=40.00，index_ma60_position=4.2591
==================================================
完成！总耗时 894.4s，请检查 output/ 目录。
==================================================
